Determining if the __GLIBC__ exist failed with the following output:
Change Dir: /home/dante/Documentos/personal/Whisk3D/platform/android/app/.cxx/Debug/2938641f/arm64-v8a/CMakeFiles/CMakeTmp

Run Build Command(s):/usr/bin/ninja cmTC_153b1 && [1/2] Building C object CMakeFiles/cmTC_153b1.dir/CheckSymbolExists.c.o
FAILED: CMakeFiles/cmTC_153b1.dir/CheckSymbolExists.c.o 
/home/dante/Android/Sdk/ndk/25.1.8937393/toolchains/llvm/prebuilt/linux-x86_64/bin/clang --target=aarch64-none-linux-android21 --sysroot=/home/dante/Android/Sdk/ndk/25.1.8937393/toolchains/llvm/prebuilt/linux-x86_64/sysroot   -g -DANDROID -fdata-sections -ffunction-sections -funwind-tables -fstack-protector-strong -no-canonical-prefixes -D_FORTIFY_SOURCE=2 -Wformat   -D_GNU_SOURCE=1 -fPIE -MD -MT CMakeFiles/cmTC_153b1.dir/CheckSymbolExists.c.o -MF CMakeFiles/cmTC_153b1.dir/CheckSymbolExists.c.o.d -o CMakeFiles/cmTC_153b1.dir/CheckSymbolExists.c.o -c /home/dante/Documentos/personal/Whisk3D/platform/android/app/.cxx/Debug/2938641f/arm64-v8a/CMakeFiles/CMakeTmp/CheckSymbolExists.c
/home/dante/Documentos/personal/Whisk3D/platform/android/app/.cxx/Debug/2938641f/arm64-v8a/CMakeFiles/CMakeTmp/CheckSymbolExists.c:8:19: error: use of undeclared identifier '__GLIBC__'
  return ((int*)(&__GLIBC__))[argc];
                  ^
1 error generated.
ninja: build stopped: subcommand failed.


File /home/dante/Documentos/personal/Whisk3D/platform/android/app/.cxx/Debug/2938641f/arm64-v8a/CMakeFiles/CMakeTmp/CheckSymbolExists.c:
/* */
#include <stdlib.h>

int main(int argc, char** argv)
{
  (void)argv;
#ifndef __GLIBC__
  return ((int*)(&__GLIBC__))[argc];
#else
  (void)argc;
  return 0;
#endif
}
Determining if the fopen64 exist failed with the following output:
Change Dir: /home/dante/Documentos/personal/Whisk3D/platform/android/app/.cxx/Debug/2938641f/arm64-v8a/CMakeFiles/CMakeTmp

Run Build Command(s):/usr/bin/ninja cmTC_7d394 && [1/2] Building C object CMakeFiles/cmTC_7d394.dir/CheckSymbolExists.c.o
FAILED: CMakeFiles/cmTC_7d394.dir/CheckSymbolExists.c.o 
/home/dante/Android/Sdk/ndk/25.1.8937393/toolchains/llvm/prebuilt/linux-x86_64/bin/clang --target=aarch64-none-linux-android21 --sysroot=/home/dante/Android/Sdk/ndk/25.1.8937393/toolchains/llvm/prebuilt/linux-x86_64/sysroot   -g -DANDROID -fdata-sections -ffunction-sections -funwind-tables -fstack-protector-strong -no-canonical-prefixes -D_FORTIFY_SOURCE=2 -Wformat   -D_GNU_SOURCE=1 -fPIE -MD -MT CMakeFiles/cmTC_7d394.dir/CheckSymbolExists.c.o -MF CMakeFiles/cmTC_7d394.dir/CheckSymbolExists.c.o.d -o CMakeFiles/cmTC_7d394.dir/CheckSymbolExists.c.o -c /home/dante/Documentos/personal/Whisk3D/platform/android/app/.cxx/Debug/2938641f/arm64-v8a/CMakeFiles/CMakeTmp/CheckSymbolExists.c
/home/dante/Documentos/personal/Whisk3D/platform/android/app/.cxx/Debug/2938641f/arm64-v8a/CMakeFiles/CMakeTmp/CheckSymbolExists.c:26:19: error: use of undeclared identifier 'fopen64'; did you mean 'fopen'?
  return ((int*)(&fopen64))[argc];
                  ^~~~~~~
                  fopen
/home/dante/Android/Sdk/ndk/25.1.8937393/toolchains/llvm/prebuilt/linux-x86_64/sysroot/usr/include/stdio.h:280:7: note: 'fopen' declared here
FILE* fopen(const char* __path, const char* __mode);
      ^
1 error generated.
ninja: build stopped: subcommand failed.


File /home/dante/Documentos/personal/Whisk3D/platform/android/app/.cxx/Debug/2938641f/arm64-v8a/CMakeFiles/CMakeTmp/CheckSymbolExists.c:
/* */
#include <float.h>
#include <iconv.h>
#include <inttypes.h>
#include <limits.h>
#include <malloc.h>
#include <math.h>
#include <memory.h>
#include <signal.h>
#include <stdarg.h>
#include <stdbool.h>
#include <stddef.h>
#include <stdint.h>
#include <stdio.h>
#include <stdlib.h>
#include <string.h>
#include <strings.h>
#include <sys/types.h>
#include <time.h>
#include <wchar.h>

int main(int argc, char** argv)
{
  (void)argv;
#ifndef fopen64
  return ((int*)(&fopen64))[argc];
#else
  (void)argc;
  return 0;
#endif
}
Determining if the fseeko64 exist failed with the following output:
Change Dir: /home/dante/Documentos/personal/Whisk3D/platform/android/app/.cxx/Debug/2938641f/arm64-v8a/CMakeFiles/CMakeTmp

Run Build Command(s):/usr/bin/ninja cmTC_7ec8e && [1/2] Building C object CMakeFiles/cmTC_7ec8e.dir/CheckSymbolExists.c.o
FAILED: CMakeFiles/cmTC_7ec8e.dir/CheckSymbolExists.c.o 
/home/dante/Android/Sdk/ndk/25.1.8937393/toolchains/llvm/prebuilt/linux-x86_64/bin/clang --target=aarch64-none-linux-android21 --sysroot=/home/dante/Android/Sdk/ndk/25.1.8937393/toolchains/llvm/prebuilt/linux-x86_64/sysroot   -g -DANDROID -fdata-sections -ffunction-sections -funwind-tables -fstack-protector-strong -no-canonical-prefixes -D_FORTIFY_SOURCE=2 -Wformat   -D_GNU_SOURCE=1 -fPIE -MD -MT CMakeFiles/cmTC_7ec8e.dir/CheckSymbolExists.c.o -MF CMakeFiles/cmTC_7ec8e.dir/CheckSymbolExists.c.o.d -o CMakeFiles/cmTC_7ec8e.dir/CheckSymbolExists.c.o -c /home/dante/Documentos/personal/Whisk3D/platform/android/app/.cxx/Debug/2938641f/arm64-v8a/CMakeFiles/CMakeTmp/CheckSymbolExists.c
/home/dante/Documentos/personal/Whisk3D/platform/android/app/.cxx/Debug/2938641f/arm64-v8a/CMakeFiles/CMakeTmp/CheckSymbolExists.c:26:19: error: use of undeclared identifier 'fseeko64'; did you mean 'fseeko'?
  return ((int*)(&fseeko64))[argc];
                  ^~~~~~~~
                  fseeko
/home/dante/Android/Sdk/ndk/25.1.8937393/toolchains/llvm/prebuilt/linux-x86_64/sysroot/usr/include/stdio.h:250:5: note: 'fseeko' declared here
int fseeko(FILE* __fp, off_t __offset, int __whence);
    ^
1 error generated.
ninja: build stopped: subcommand failed.


File /home/dante/Documentos/personal/Whisk3D/platform/android/app/.cxx/Debug/2938641f/arm64-v8a/CMakeFiles/CMakeTmp/CheckSymbolExists.c:
/* */
#include <float.h>
#include <iconv.h>
#include <inttypes.h>
#include <limits.h>
#include <malloc.h>
#include <math.h>
#include <memory.h>
#include <signal.h>
#include <stdarg.h>
#include <stdbool.h>
#include <stddef.h>
#include <stdint.h>
#include <stdio.h>
#include <stdlib.h>
#include <string.h>
#include <strings.h>
#include <sys/types.h>
#include <time.h>
#include <wchar.h>

int main(int argc, char** argv)
{
  (void)argv;
#ifndef fseeko64
  return ((int*)(&fseeko64))[argc];
#else
  (void)argc;
  return 0;
#endif
}
Determining if the _i64toa exist failed with the following output:
Change Dir: /home/dante/Documentos/personal/Whisk3D/platform/android/app/.cxx/Debug/2938641f/arm64-v8a/CMakeFiles/CMakeTmp

Run Build Command(s):/usr/bin/ninja cmTC_80bfb && [1/2] Building C object CMakeFiles/cmTC_80bfb.dir/CheckSymbolExists.c.o
FAILED: CMakeFiles/cmTC_80bfb.dir/CheckSymbolExists.c.o 
/home/dante/Android/Sdk/ndk/25.1.8937393/toolchains/llvm/prebuilt/linux-x86_64/bin/clang --target=aarch64-none-linux-android21 --sysroot=/home/dante/Android/Sdk/ndk/25.1.8937393/toolchains/llvm/prebuilt/linux-x86_64/sysroot   -g -DANDROID -fdata-sections -ffunction-sections -funwind-tables -fstack-protector-strong -no-canonical-prefixes -D_FORTIFY_SOURCE=2 -Wformat   -D_GNU_SOURCE=1 -fPIE -MD -MT CMakeFiles/cmTC_80bfb.dir/CheckSymbolExists.c.o -MF CMakeFiles/cmTC_80bfb.dir/CheckSymbolExists.c.o.d -o CMakeFiles/cmTC_80bfb.dir/CheckSymbolExists.c.o -c /home/dante/Documentos/personal/Whisk3D/platform/android/app/.cxx/Debug/2938641f/arm64-v8a/CMakeFiles/CMakeTmp/CheckSymbolExists.c
/home/dante/Documentos/personal/Whisk3D/platform/android/app/.cxx/Debug/2938641f/arm64-v8a/CMakeFiles/CMakeTmp/CheckSymbolExists.c:26:19: error: use of undeclared identifier '_i64toa'
  return ((int*)(&_i64toa))[argc];
                  ^
1 error generated.
ninja: build stopped: subcommand failed.


File /home/dante/Documentos/personal/Whisk3D/platform/android/app/.cxx/Debug/2938641f/arm64-v8a/CMakeFiles/CMakeTmp/CheckSymbolExists.c:
/* */
#include <float.h>
#include <iconv.h>
#include <inttypes.h>
#include <limits.h>
#include <malloc.h>
#include <math.h>
#include <memory.h>
#include <signal.h>
#include <stdarg.h>
#include <stdbool.h>
#include <stddef.h>
#include <stdint.h>
#include <stdio.h>
#include <stdlib.h>
#include <string.h>
#include <strings.h>
#include <sys/types.h>
#include <time.h>
#include <wchar.h>

int main(int argc, char** argv)
{
  (void)argv;
#ifndef _i64toa
  return ((int*)(&_i64toa))[argc];
#else
  (void)argc;
  return 0;
#endif
}
Determining if the index exist failed with the following output:
Change Dir: /home/dante/Documentos/personal/Whisk3D/platform/android/app/.cxx/Debug/2938641f/arm64-v8a/CMakeFiles/CMakeTmp

Run Build Command(s):/usr/bin/ninja cmTC_3e872 && [1/2] Building C object CMakeFiles/cmTC_3e872.dir/CheckSymbolExists.c.o
/home/dante/Documentos/personal/Whisk3D/platform/android/app/.cxx/Debug/2938641f/arm64-v8a/CMakeFiles/CMakeTmp/CheckSymbolExists.c:26:19: warning: implicitly declaring library function 'index' with type 'char *(const char *, int)' [-Wimplicit-function-declaration]
  return ((int*)(&index))[argc];
                  ^
/home/dante/Documentos/personal/Whisk3D/platform/android/app/.cxx/Debug/2938641f/arm64-v8a/CMakeFiles/CMakeTmp/CheckSymbolExists.c:26:19: note: include the header <strings.h> or explicitly provide a declaration for 'index'
1 warning generated.
[2/2] Linking C executable cmTC_3e872
FAILED: cmTC_3e872 
: && /home/dante/Android/Sdk/ndk/25.1.8937393/toolchains/llvm/prebuilt/linux-x86_64/bin/clang --target=aarch64-none-linux-android21 --sysroot=/home/dante/Android/Sdk/ndk/25.1.8937393/toolchains/llvm/prebuilt/linux-x86_64/sysroot -g -DANDROID -fdata-sections -ffunction-sections -funwind-tables -fstack-protector-strong -no-canonical-prefixes -D_FORTIFY_SOURCE=2 -Wformat   -D_GNU_SOURCE=1 -static-libstdc++ -Wl,--build-id=sha1 -Wl,--no-rosegment -Wl,--fatal-warnings -Wl,--gc-sections -Wl,--no-undefined -Qunused-arguments -Wl,--gc-sections CMakeFiles/cmTC_3e872.dir/CheckSymbolExists.c.o -o cmTC_3e872  -lm  -latomic -lm && :
ld: error: undefined symbol: index
>>> referenced by CheckSymbolExists.c:0
>>>               CMakeFiles/cmTC_3e872.dir/CheckSymbolExists.c.o:(main)
>>> referenced by CheckSymbolExists.c:0
>>>               CMakeFiles/cmTC_3e872.dir/CheckSymbolExists.c.o:(main)
clang: error: linker command failed with exit code 1 (use -v to see invocation)
ninja: build stopped: subcommand failed.


File /home/dante/Documentos/personal/Whisk3D/platform/android/app/.cxx/Debug/2938641f/arm64-v8a/CMakeFiles/CMakeTmp/CheckSymbolExists.c:
/* */
#include <float.h>
#include <iconv.h>
#include <inttypes.h>
#include <limits.h>
#include <malloc.h>
#include <math.h>
#include <memory.h>
#include <signal.h>
#include <stdarg.h>
#include <stdbool.h>
#include <stddef.h>
#include <stdint.h>
#include <stdio.h>
#include <stdlib.h>
#include <string.h>
#include <strings.h>
#include <sys/types.h>
#include <time.h>
#include <wchar.h>

int main(int argc, char** argv)
{
  (void)argv;
#ifndef index
  return ((int*)(&index))[argc];
#else
  (void)argc;
  return 0;
#endif
}
Determining if the itoa exist failed with the following output:
Change Dir: /home/dante/Documentos/personal/Whisk3D/platform/android/app/.cxx/Debug/2938641f/arm64-v8a/CMakeFiles/CMakeTmp

Run Build Command(s):/usr/bin/ninja cmTC_cf98e && [1/2] Building C object CMakeFiles/cmTC_cf98e.dir/CheckSymbolExists.c.o
FAILED: CMakeFiles/cmTC_cf98e.dir/CheckSymbolExists.c.o 
/home/dante/Android/Sdk/ndk/25.1.8937393/toolchains/llvm/prebuilt/linux-x86_64/bin/clang --target=aarch64-none-linux-android21 --sysroot=/home/dante/Android/Sdk/ndk/25.1.8937393/toolchains/llvm/prebuilt/linux-x86_64/sysroot   -g -DANDROID -fdata-sections -ffunction-sections -funwind-tables -fstack-protector-strong -no-canonical-prefixes -D_FORTIFY_SOURCE=2 -Wformat   -D_GNU_SOURCE=1 -fPIE -MD -MT CMakeFiles/cmTC_cf98e.dir/CheckSymbolExists.c.o -MF CMakeFiles/cmTC_cf98e.dir/CheckSymbolExists.c.o.d -o CMakeFiles/cmTC_cf98e.dir/CheckSymbolExists.c.o -c /home/dante/Documentos/personal/Whisk3D/platform/android/app/.cxx/Debug/2938641f/arm64-v8a/CMakeFiles/CMakeTmp/CheckSymbolExists.c
/home/dante/Documentos/personal/Whisk3D/platform/android/app/.cxx/Debug/2938641f/arm64-v8a/CMakeFiles/CMakeTmp/CheckSymbolExists.c:26:19: error: use of undeclared identifier 'itoa'
  return ((int*)(&itoa))[argc];
                  ^
1 error generated.
ninja: build stopped: subcommand failed.


File /home/dante/Documentos/personal/Whisk3D/platform/android/app/.cxx/Debug/2938641f/arm64-v8a/CMakeFiles/CMakeTmp/CheckSymbolExists.c:
/* */
#include <float.h>
#include <iconv.h>
#include <inttypes.h>
#include <limits.h>
#include <malloc.h>
#include <math.h>
#include <memory.h>
#include <signal.h>
#include <stdarg.h>
#include <stdbool.h>
#include <stddef.h>
#include <stdint.h>
#include <stdio.h>
#include <stdlib.h>
#include <string.h>
#include <strings.h>
#include <sys/types.h>
#include <time.h>
#include <wchar.h>

int main(int argc, char** argv)
{
  (void)argv;
#ifndef itoa
  return ((int*)(&itoa))[argc];
#else
  (void)argc;
  return 0;
#endif
}
Determining if the _ltoa exist failed with the following output:
Change Dir: /home/dante/Documentos/personal/Whisk3D/platform/android/app/.cxx/Debug/2938641f/arm64-v8a/CMakeFiles/CMakeTmp

Run Build Command(s):/usr/bin/ninja cmTC_3364c && [1/2] Building C object CMakeFiles/cmTC_3364c.dir/CheckSymbolExists.c.o
FAILED: CMakeFiles/cmTC_3364c.dir/CheckSymbolExists.c.o 
/home/dante/Android/Sdk/ndk/25.1.8937393/toolchains/llvm/prebuilt/linux-x86_64/bin/clang --target=aarch64-none-linux-android21 --sysroot=/home/dante/Android/Sdk/ndk/25.1.8937393/toolchains/llvm/prebuilt/linux-x86_64/sysroot   -g -DANDROID -fdata-sections -ffunction-sections -funwind-tables -fstack-protector-strong -no-canonical-prefixes -D_FORTIFY_SOURCE=2 -Wformat   -D_GNU_SOURCE=1 -fPIE -MD -MT CMakeFiles/cmTC_3364c.dir/CheckSymbolExists.c.o -MF CMakeFiles/cmTC_3364c.dir/CheckSymbolExists.c.o.d -o CMakeFiles/cmTC_3364c.dir/CheckSymbolExists.c.o -c /home/dante/Documentos/personal/Whisk3D/platform/android/app/.cxx/Debug/2938641f/arm64-v8a/CMakeFiles/CMakeTmp/CheckSymbolExists.c
/home/dante/Documentos/personal/Whisk3D/platform/android/app/.cxx/Debug/2938641f/arm64-v8a/CMakeFiles/CMakeTmp/CheckSymbolExists.c:26:19: error: use of undeclared identifier '_ltoa'
  return ((int*)(&_ltoa))[argc];
                  ^
1 error generated.
ninja: build stopped: subcommand failed.


File /home/dante/Documentos/personal/Whisk3D/platform/android/app/.cxx/Debug/2938641f/arm64-v8a/CMakeFiles/CMakeTmp/CheckSymbolExists.c:
/* */
#include <float.h>
#include <iconv.h>
#include <inttypes.h>
#include <limits.h>
#include <malloc.h>
#include <math.h>
#include <memory.h>
#include <signal.h>
#include <stdarg.h>
#include <stdbool.h>
#include <stddef.h>
#include <stdint.h>
#include <stdio.h>
#include <stdlib.h>
#include <string.h>
#include <strings.h>
#include <sys/types.h>
#include <time.h>
#include <wchar.h>

int main(int argc, char** argv)
{
  (void)argv;
#ifndef _ltoa
  return ((int*)(&_ltoa))[argc];
#else
  (void)argc;
  return 0;
#endif
}
Determining if the rindex exist failed with the following output:
Change Dir: /home/dante/Documentos/personal/Whisk3D/platform/android/app/.cxx/Debug/2938641f/arm64-v8a/CMakeFiles/CMakeTmp

Run Build Command(s):/usr/bin/ninja cmTC_e6e76 && [1/2] Building C object CMakeFiles/cmTC_e6e76.dir/CheckSymbolExists.c.o
/home/dante/Documentos/personal/Whisk3D/platform/android/app/.cxx/Debug/2938641f/arm64-v8a/CMakeFiles/CMakeTmp/CheckSymbolExists.c:26:19: warning: implicitly declaring library function 'rindex' with type 'char *(const char *, int)' [-Wimplicit-function-declaration]
  return ((int*)(&rindex))[argc];
                  ^
/home/dante/Documentos/personal/Whisk3D/platform/android/app/.cxx/Debug/2938641f/arm64-v8a/CMakeFiles/CMakeTmp/CheckSymbolExists.c:26:19: note: include the header <strings.h> or explicitly provide a declaration for 'rindex'
1 warning generated.
[2/2] Linking C executable cmTC_e6e76
FAILED: cmTC_e6e76 
: && /home/dante/Android/Sdk/ndk/25.1.8937393/toolchains/llvm/prebuilt/linux-x86_64/bin/clang --target=aarch64-none-linux-android21 --sysroot=/home/dante/Android/Sdk/ndk/25.1.8937393/toolchains/llvm/prebuilt/linux-x86_64/sysroot -g -DANDROID -fdata-sections -ffunction-sections -funwind-tables -fstack-protector-strong -no-canonical-prefixes -D_FORTIFY_SOURCE=2 -Wformat   -D_GNU_SOURCE=1 -static-libstdc++ -Wl,--build-id=sha1 -Wl,--no-rosegment -Wl,--fatal-warnings -Wl,--gc-sections -Wl,--no-undefined -Qunused-arguments -Wl,--gc-sections CMakeFiles/cmTC_e6e76.dir/CheckSymbolExists.c.o -o cmTC_e6e76  -lm  -latomic -lm && :
ld: error: undefined symbol: rindex
>>> referenced by CheckSymbolExists.c:0
>>>               CMakeFiles/cmTC_e6e76.dir/CheckSymbolExists.c.o:(main)
>>> referenced by CheckSymbolExists.c:0
>>>               CMakeFiles/cmTC_e6e76.dir/CheckSymbolExists.c.o:(main)
clang: error: linker command failed with exit code 1 (use -v to see invocation)
ninja: build stopped: subcommand failed.


File /home/dante/Documentos/personal/Whisk3D/platform/android/app/.cxx/Debug/2938641f/arm64-v8a/CMakeFiles/CMakeTmp/CheckSymbolExists.c:
/* */
#include <float.h>
#include <iconv.h>
#include <inttypes.h>
#include <limits.h>
#include <malloc.h>
#include <math.h>
#include <memory.h>
#include <signal.h>
#include <stdarg.h>
#include <stdbool.h>
#include <stddef.h>
#include <stdint.h>
#include <stdio.h>
#include <stdlib.h>
#include <string.h>
#include <strings.h>
#include <sys/types.h>
#include <time.h>
#include <wchar.h>

int main(int argc, char** argv)
{
  (void)argv;
#ifndef rindex
  return ((int*)(&rindex))[argc];
#else
  (void)argc;
  return 0;
#endif
}
Determining if the sqr exist failed with the following output:
Change Dir: /home/dante/Documentos/personal/Whisk3D/platform/android/app/.cxx/Debug/2938641f/arm64-v8a/CMakeFiles/CMakeTmp

Run Build Command(s):/usr/bin/ninja cmTC_6fb97 && [1/2] Building C object CMakeFiles/cmTC_6fb97.dir/CheckSymbolExists.c.o
FAILED: CMakeFiles/cmTC_6fb97.dir/CheckSymbolExists.c.o 
/home/dante/Android/Sdk/ndk/25.1.8937393/toolchains/llvm/prebuilt/linux-x86_64/bin/clang --target=aarch64-none-linux-android21 --sysroot=/home/dante/Android/Sdk/ndk/25.1.8937393/toolchains/llvm/prebuilt/linux-x86_64/sysroot   -g -DANDROID -fdata-sections -ffunction-sections -funwind-tables -fstack-protector-strong -no-canonical-prefixes -D_FORTIFY_SOURCE=2 -Wformat   -D_GNU_SOURCE=1 -fPIE -MD -MT CMakeFiles/cmTC_6fb97.dir/CheckSymbolExists.c.o -MF CMakeFiles/cmTC_6fb97.dir/CheckSymbolExists.c.o.d -o CMakeFiles/cmTC_6fb97.dir/CheckSymbolExists.c.o -c /home/dante/Documentos/personal/Whisk3D/platform/android/app/.cxx/Debug/2938641f/arm64-v8a/CMakeFiles/CMakeTmp/CheckSymbolExists.c
/home/dante/Documentos/personal/Whisk3D/platform/android/app/.cxx/Debug/2938641f/arm64-v8a/CMakeFiles/CMakeTmp/CheckSymbolExists.c:26:19: error: use of undeclared identifier 'sqr'; did you mean 'sqrt'?
  return ((int*)(&sqr))[argc];
                  ^~~
                  sqrt
/home/dante/Android/Sdk/ndk/25.1.8937393/toolchains/llvm/prebuilt/linux-x86_64/sysroot/usr/include/math.h:205:8: note: 'sqrt' declared here
double sqrt(double __x);
       ^
1 error generated.
ninja: build stopped: subcommand failed.


File /home/dante/Documentos/personal/Whisk3D/platform/android/app/.cxx/Debug/2938641f/arm64-v8a/CMakeFiles/CMakeTmp/CheckSymbolExists.c:
/* */
#include <float.h>
#include <iconv.h>
#include <inttypes.h>
#include <limits.h>
#include <malloc.h>
#include <math.h>
#include <memory.h>
#include <signal.h>
#include <stdarg.h>
#include <stdbool.h>
#include <stddef.h>
#include <stdint.h>
#include <stdio.h>
#include <stdlib.h>
#include <string.h>
#include <strings.h>
#include <sys/types.h>
#include <time.h>
#include <wchar.h>

int main(int argc, char** argv)
{
  (void)argv;
#ifndef sqr
  return ((int*)(&sqr))[argc];
#else
  (void)argc;
  return 0;
#endif
}
Determining if the strnstr exist failed with the following output:
Change Dir: /home/dante/Documentos/personal/Whisk3D/platform/android/app/.cxx/Debug/2938641f/arm64-v8a/CMakeFiles/CMakeTmp

Run Build Command(s):/usr/bin/ninja cmTC_9ddfc && [1/2] Building C object CMakeFiles/cmTC_9ddfc.dir/CheckSymbolExists.c.o
FAILED: CMakeFiles/cmTC_9ddfc.dir/CheckSymbolExists.c.o 
/home/dante/Android/Sdk/ndk/25.1.8937393/toolchains/llvm/prebuilt/linux-x86_64/bin/clang --target=aarch64-none-linux-android21 --sysroot=/home/dante/Android/Sdk/ndk/25.1.8937393/toolchains/llvm/prebuilt/linux-x86_64/sysroot   -g -DANDROID -fdata-sections -ffunction-sections -funwind-tables -fstack-protector-strong -no-canonical-prefixes -D_FORTIFY_SOURCE=2 -Wformat   -D_GNU_SOURCE=1 -fPIE -MD -MT CMakeFiles/cmTC_9ddfc.dir/CheckSymbolExists.c.o -MF CMakeFiles/cmTC_9ddfc.dir/CheckSymbolExists.c.o.d -o CMakeFiles/cmTC_9ddfc.dir/CheckSymbolExists.c.o -c /home/dante/Documentos/personal/Whisk3D/platform/android/app/.cxx/Debug/2938641f/arm64-v8a/CMakeFiles/CMakeTmp/CheckSymbolExists.c
/home/dante/Documentos/personal/Whisk3D/platform/android/app/.cxx/Debug/2938641f/arm64-v8a/CMakeFiles/CMakeTmp/CheckSymbolExists.c:26:19: error: use of undeclared identifier 'strnstr'; did you mean 'strstr'?
  return ((int*)(&strnstr))[argc];
                  ^~~~~~~
                  strstr
/home/dante/Android/Sdk/ndk/25.1.8937393/toolchains/llvm/prebuilt/linux-x86_64/sysroot/usr/include/string.h:112:7: note: 'strstr' declared here
char* strstr(const char* __haystack, const char* __needle) __attribute_pure__;
      ^
1 error generated.
ninja: build stopped: subcommand failed.


File /home/dante/Documentos/personal/Whisk3D/platform/android/app/.cxx/Debug/2938641f/arm64-v8a/CMakeFiles/CMakeTmp/CheckSymbolExists.c:
/* */
#include <float.h>
#include <iconv.h>
#include <inttypes.h>
#include <limits.h>
#include <malloc.h>
#include <math.h>
#include <memory.h>
#include <signal.h>
#include <stdarg.h>
#include <stdbool.h>
#include <stddef.h>
#include <stdint.h>
#include <stdio.h>
#include <stdlib.h>
#include <string.h>
#include <strings.h>
#include <sys/types.h>
#include <time.h>
#include <wchar.h>

int main(int argc, char** argv)
{
  (void)argv;
#ifndef strnstr
  return ((int*)(&strnstr))[argc];
#else
  (void)argc;
  return 0;
#endif
}
Performing C SOURCE FILE Test LIBC_HAS_ISINFF failed with the following output:
Change Dir: /home/dante/Documentos/personal/Whisk3D/platform/android/app/.cxx/Debug/2938641f/arm64-v8a/CMakeFiles/CMakeTmp

Run Build Command(s):/usr/bin/ninja cmTC_0bd63 && [1/2] Building C object CMakeFiles/cmTC_0bd63.dir/src.c.o
FAILED: CMakeFiles/cmTC_0bd63.dir/src.c.o 
/home/dante/Android/Sdk/ndk/25.1.8937393/toolchains/llvm/prebuilt/linux-x86_64/bin/clang --target=aarch64-none-linux-android21 --sysroot=/home/dante/Android/Sdk/ndk/25.1.8937393/toolchains/llvm/prebuilt/linux-x86_64/sysroot -DLIBC_HAS_ISINFF  -g -DANDROID -fdata-sections -ffunction-sections -funwind-tables -fstack-protector-strong -no-canonical-prefixes -D_FORTIFY_SOURCE=2 -Wformat -Werror=format-security   -D_GNU_SOURCE=1 -Wfloat-conversion -Werror -fPIE -MD -MT CMakeFiles/cmTC_0bd63.dir/src.c.o -MF CMakeFiles/cmTC_0bd63.dir/src.c.o.d -o CMakeFiles/cmTC_0bd63.dir/src.c.o -c /home/dante/Documentos/personal/Whisk3D/platform/android/app/.cxx/Debug/2938641f/arm64-v8a/CMakeFiles/CMakeTmp/src.c
/home/dante/Documentos/personal/Whisk3D/platform/android/app/.cxx/Debug/2938641f/arm64-v8a/CMakeFiles/CMakeTmp/src.c:5:16: error: implicit declaration of function 'isinff' is invalid in C99 [-Werror,-Wimplicit-function-declaration]
        return isinff(f);
               ^
/home/dante/Documentos/personal/Whisk3D/platform/android/app/.cxx/Debug/2938641f/arm64-v8a/CMakeFiles/CMakeTmp/src.c:5:16: note: did you mean 'isinf'?
/home/dante/Android/Sdk/ndk/25.1.8937393/toolchains/llvm/prebuilt/linux-x86_64/sysroot/usr/include/math.h:329:6: note: 'isinf' declared here
int (isinf)(double __x) __attribute_const__ __INTRODUCED_IN(21);
     ^
1 error generated.
ninja: build stopped: subcommand failed.


Source file was:

      #include <math.h>
      int main() {
        float f = 3.14159f;
        return isinff(f);
      }
    
Determining if the sigtimedwait exist failed with the following output:
Change Dir: /home/dante/Documentos/personal/Whisk3D/platform/android/app/.cxx/Debug/2938641f/arm64-v8a/CMakeFiles/CMakeTmp

Run Build Command(s):/usr/bin/ninja cmTC_f72f7 && [1/2] Building C object CMakeFiles/cmTC_f72f7.dir/CheckSymbolExists.c.o
FAILED: CMakeFiles/cmTC_f72f7.dir/CheckSymbolExists.c.o 
/home/dante/Android/Sdk/ndk/25.1.8937393/toolchains/llvm/prebuilt/linux-x86_64/bin/clang --target=aarch64-none-linux-android21 --sysroot=/home/dante/Android/Sdk/ndk/25.1.8937393/toolchains/llvm/prebuilt/linux-x86_64/sysroot   -g -DANDROID -fdata-sections -ffunction-sections -funwind-tables -fstack-protector-strong -no-canonical-prefixes -D_FORTIFY_SOURCE=2 -Wformat   -D_GNU_SOURCE=1 -fPIE -MD -MT CMakeFiles/cmTC_f72f7.dir/CheckSymbolExists.c.o -MF CMakeFiles/cmTC_f72f7.dir/CheckSymbolExists.c.o.d -o CMakeFiles/cmTC_f72f7.dir/CheckSymbolExists.c.o -c /home/dante/Documentos/personal/Whisk3D/platform/android/app/.cxx/Debug/2938641f/arm64-v8a/CMakeFiles/CMakeTmp/CheckSymbolExists.c
/home/dante/Documentos/personal/Whisk3D/platform/android/app/.cxx/Debug/2938641f/arm64-v8a/CMakeFiles/CMakeTmp/CheckSymbolExists.c:8:19: error: use of undeclared identifier 'sigtimedwait'
  return ((int*)(&sigtimedwait))[argc];
                  ^
1 error generated.
ninja: build stopped: subcommand failed.


File /home/dante/Documentos/personal/Whisk3D/platform/android/app/.cxx/Debug/2938641f/arm64-v8a/CMakeFiles/CMakeTmp/CheckSymbolExists.c:
/* */
#include <signal.h>

int main(int argc, char** argv)
{
  (void)argv;
#ifndef sigtimedwait
  return ((int*)(&sigtimedwait))[argc];
#else
  (void)argc;
  return 0;
#endif
}
Determining if the nl_langinfo exist failed with the following output:
Change Dir: /home/dante/Documentos/personal/Whisk3D/platform/android/app/.cxx/Debug/2938641f/arm64-v8a/CMakeFiles/CMakeTmp

Run Build Command(s):/usr/bin/ninja cmTC_5943a && [1/2] Building C object CMakeFiles/cmTC_5943a.dir/CheckSymbolExists.c.o
FAILED: CMakeFiles/cmTC_5943a.dir/CheckSymbolExists.c.o 
/home/dante/Android/Sdk/ndk/25.1.8937393/toolchains/llvm/prebuilt/linux-x86_64/bin/clang --target=aarch64-none-linux-android21 --sysroot=/home/dante/Android/Sdk/ndk/25.1.8937393/toolchains/llvm/prebuilt/linux-x86_64/sysroot   -g -DANDROID -fdata-sections -ffunction-sections -funwind-tables -fstack-protector-strong -no-canonical-prefixes -D_FORTIFY_SOURCE=2 -Wformat   -D_GNU_SOURCE=1 -fPIE -MD -MT CMakeFiles/cmTC_5943a.dir/CheckSymbolExists.c.o -MF CMakeFiles/cmTC_5943a.dir/CheckSymbolExists.c.o.d -o CMakeFiles/cmTC_5943a.dir/CheckSymbolExists.c.o -c /home/dante/Documentos/personal/Whisk3D/platform/android/app/.cxx/Debug/2938641f/arm64-v8a/CMakeFiles/CMakeTmp/CheckSymbolExists.c
/home/dante/Documentos/personal/Whisk3D/platform/android/app/.cxx/Debug/2938641f/arm64-v8a/CMakeFiles/CMakeTmp/CheckSymbolExists.c:8:19: error: use of undeclared identifier 'nl_langinfo'
  return ((int*)(&nl_langinfo))[argc];
                  ^
1 error generated.
ninja: build stopped: subcommand failed.


File /home/dante/Documentos/personal/Whisk3D/platform/android/app/.cxx/Debug/2938641f/arm64-v8a/CMakeFiles/CMakeTmp/CheckSymbolExists.c:
/* */
#include <langinfo.h>

int main(int argc, char** argv)
{
  (void)argv;
#ifndef nl_langinfo
  return ((int*)(&nl_langinfo))[argc];
#else
  (void)argc;
  return 0;
#endif
}
Determining if the sysctlbyname exist failed with the following output:
Change Dir: /home/dante/Documentos/personal/Whisk3D/platform/android/app/.cxx/Debug/2938641f/arm64-v8a/CMakeFiles/CMakeTmp

Run Build Command(s):/usr/bin/ninja cmTC_d7823 && [1/2] Building C object CMakeFiles/cmTC_d7823.dir/CheckSymbolExists.c.o
FAILED: CMakeFiles/cmTC_d7823.dir/CheckSymbolExists.c.o 
/home/dante/Android/Sdk/ndk/25.1.8937393/toolchains/llvm/prebuilt/linux-x86_64/bin/clang --target=aarch64-none-linux-android21 --sysroot=/home/dante/Android/Sdk/ndk/25.1.8937393/toolchains/llvm/prebuilt/linux-x86_64/sysroot   -g -DANDROID -fdata-sections -ffunction-sections -funwind-tables -fstack-protector-strong -no-canonical-prefixes -D_FORTIFY_SOURCE=2 -Wformat   -D_GNU_SOURCE=1 -fPIE -MD -MT CMakeFiles/cmTC_d7823.dir/CheckSymbolExists.c.o -MF CMakeFiles/cmTC_d7823.dir/CheckSymbolExists.c.o.d -o CMakeFiles/cmTC_d7823.dir/CheckSymbolExists.c.o -c /home/dante/Documentos/personal/Whisk3D/platform/android/app/.cxx/Debug/2938641f/arm64-v8a/CMakeFiles/CMakeTmp/CheckSymbolExists.c
/home/dante/Documentos/personal/Whisk3D/platform/android/app/.cxx/Debug/2938641f/arm64-v8a/CMakeFiles/CMakeTmp/CheckSymbolExists.c:3:10: fatal error: 'sys/sysctl.h' file not found
#include <sys/sysctl.h>
         ^~~~~~~~~~~~~~
1 error generated.
ninja: build stopped: subcommand failed.


File /home/dante/Documentos/personal/Whisk3D/platform/android/app/.cxx/Debug/2938641f/arm64-v8a/CMakeFiles/CMakeTmp/CheckSymbolExists.c:
/* */
#include <sys/types.h>
#include <sys/sysctl.h>

int main(int argc, char** argv)
{
  (void)argv;
#ifndef sysctlbyname
  return ((int*)(&sysctlbyname))[argc];
#else
  (void)argc;
  return 0;
#endif
}
Determining if the elf_aux_info exist failed with the following output:
Change Dir: /home/dante/Documentos/personal/Whisk3D/platform/android/app/.cxx/Debug/2938641f/arm64-v8a/CMakeFiles/CMakeTmp

Run Build Command(s):/usr/bin/ninja cmTC_35f6f && [1/2] Building C object CMakeFiles/cmTC_35f6f.dir/CheckSymbolExists.c.o
FAILED: CMakeFiles/cmTC_35f6f.dir/CheckSymbolExists.c.o 
/home/dante/Android/Sdk/ndk/25.1.8937393/toolchains/llvm/prebuilt/linux-x86_64/bin/clang --target=aarch64-none-linux-android21 --sysroot=/home/dante/Android/Sdk/ndk/25.1.8937393/toolchains/llvm/prebuilt/linux-x86_64/sysroot   -g -DANDROID -fdata-sections -ffunction-sections -funwind-tables -fstack-protector-strong -no-canonical-prefixes -D_FORTIFY_SOURCE=2 -Wformat   -D_GNU_SOURCE=1 -fPIE -MD -MT CMakeFiles/cmTC_35f6f.dir/CheckSymbolExists.c.o -MF CMakeFiles/cmTC_35f6f.dir/CheckSymbolExists.c.o.d -o CMakeFiles/cmTC_35f6f.dir/CheckSymbolExists.c.o -c /home/dante/Documentos/personal/Whisk3D/platform/android/app/.cxx/Debug/2938641f/arm64-v8a/CMakeFiles/CMakeTmp/CheckSymbolExists.c
/home/dante/Documentos/personal/Whisk3D/platform/android/app/.cxx/Debug/2938641f/arm64-v8a/CMakeFiles/CMakeTmp/CheckSymbolExists.c:8:19: error: use of undeclared identifier 'elf_aux_info'
  return ((int*)(&elf_aux_info))[argc];
                  ^
1 error generated.
ninja: build stopped: subcommand failed.


File /home/dante/Documentos/personal/Whisk3D/platform/android/app/.cxx/Debug/2938641f/arm64-v8a/CMakeFiles/CMakeTmp/CheckSymbolExists.c:
/* */
#include <sys/auxv.h>

int main(int argc, char** argv)
{
  (void)argv;
#ifndef elf_aux_info
  return ((int*)(&elf_aux_info))[argc];
#else
  (void)argc;
  return 0;
#endif
}
Determining if the memfd_create exist failed with the following output:
Change Dir: /home/dante/Documentos/personal/Whisk3D/platform/android/app/.cxx/Debug/2938641f/arm64-v8a/CMakeFiles/CMakeTmp

Run Build Command(s):/usr/bin/ninja cmTC_87d9c && [1/2] Building C object CMakeFiles/cmTC_87d9c.dir/CheckSymbolExists.c.o
FAILED: CMakeFiles/cmTC_87d9c.dir/CheckSymbolExists.c.o 
/home/dante/Android/Sdk/ndk/25.1.8937393/toolchains/llvm/prebuilt/linux-x86_64/bin/clang --target=aarch64-none-linux-android21 --sysroot=/home/dante/Android/Sdk/ndk/25.1.8937393/toolchains/llvm/prebuilt/linux-x86_64/sysroot   -g -DANDROID -fdata-sections -ffunction-sections -funwind-tables -fstack-protector-strong -no-canonical-prefixes -D_FORTIFY_SOURCE=2 -Wformat   -D_GNU_SOURCE=1 -fPIE -MD -MT CMakeFiles/cmTC_87d9c.dir/CheckSymbolExists.c.o -MF CMakeFiles/cmTC_87d9c.dir/CheckSymbolExists.c.o.d -o CMakeFiles/cmTC_87d9c.dir/CheckSymbolExists.c.o -c /home/dante/Documentos/personal/Whisk3D/platform/android/app/.cxx/Debug/2938641f/arm64-v8a/CMakeFiles/CMakeTmp/CheckSymbolExists.c
/home/dante/Documentos/personal/Whisk3D/platform/android/app/.cxx/Debug/2938641f/arm64-v8a/CMakeFiles/CMakeTmp/CheckSymbolExists.c:8:19: error: use of undeclared identifier 'memfd_create'
  return ((int*)(&memfd_create))[argc];
                  ^
1 error generated.
ninja: build stopped: subcommand failed.


File /home/dante/Documentos/personal/Whisk3D/platform/android/app/.cxx/Debug/2938641f/arm64-v8a/CMakeFiles/CMakeTmp/CheckSymbolExists.c:
/* */
#include <sys/mman.h>

int main(int argc, char** argv)
{
  (void)argv;
#ifndef memfd_create
  return ((int*)(&memfd_create))[argc];
#else
  (void)argc;
  return 0;
#endif
}
Determining if the posix_spawn_file_actions_addchdir exist failed with the following output:
Change Dir: /home/dante/Documentos/personal/Whisk3D/platform/android/app/.cxx/Debug/2938641f/arm64-v8a/CMakeFiles/CMakeTmp

Run Build Command(s):/usr/bin/ninja cmTC_4d2ac && [1/2] Building C object CMakeFiles/cmTC_4d2ac.dir/CheckSymbolExists.c.o
FAILED: CMakeFiles/cmTC_4d2ac.dir/CheckSymbolExists.c.o 
/home/dante/Android/Sdk/ndk/25.1.8937393/toolchains/llvm/prebuilt/linux-x86_64/bin/clang --target=aarch64-none-linux-android21 --sysroot=/home/dante/Android/Sdk/ndk/25.1.8937393/toolchains/llvm/prebuilt/linux-x86_64/sysroot   -g -DANDROID -fdata-sections -ffunction-sections -funwind-tables -fstack-protector-strong -no-canonical-prefixes -D_FORTIFY_SOURCE=2 -Wformat   -D_GNU_SOURCE=1 -fPIE -MD -MT CMakeFiles/cmTC_4d2ac.dir/CheckSymbolExists.c.o -MF CMakeFiles/cmTC_4d2ac.dir/CheckSymbolExists.c.o.d -o CMakeFiles/cmTC_4d2ac.dir/CheckSymbolExists.c.o -c /home/dante/Documentos/personal/Whisk3D/platform/android/app/.cxx/Debug/2938641f/arm64-v8a/CMakeFiles/CMakeTmp/CheckSymbolExists.c
/home/dante/Documentos/personal/Whisk3D/platform/android/app/.cxx/Debug/2938641f/arm64-v8a/CMakeFiles/CMakeTmp/CheckSymbolExists.c:8:19: error: use of undeclared identifier 'posix_spawn_file_actions_addchdir'
  return ((int*)(&posix_spawn_file_actions_addchdir))[argc];
                  ^
1 error generated.
ninja: build stopped: subcommand failed.


File /home/dante/Documentos/personal/Whisk3D/platform/android/app/.cxx/Debug/2938641f/arm64-v8a/CMakeFiles/CMakeTmp/CheckSymbolExists.c:
/* */
#include <spawn.h>

int main(int argc, char** argv)
{
  (void)argv;
#ifndef posix_spawn_file_actions_addchdir
  return ((int*)(&posix_spawn_file_actions_addchdir))[argc];
#else
  (void)argc;
  return 0;
#endif
}
Determining if the posix_spawn_file_actions_addchdir_np exist failed with the following output:
Change Dir: /home/dante/Documentos/personal/Whisk3D/platform/android/app/.cxx/Debug/2938641f/arm64-v8a/CMakeFiles/CMakeTmp

Run Build Command(s):/usr/bin/ninja cmTC_a7497 && [1/2] Building C object CMakeFiles/cmTC_a7497.dir/CheckSymbolExists.c.o
FAILED: CMakeFiles/cmTC_a7497.dir/CheckSymbolExists.c.o 
/home/dante/Android/Sdk/ndk/25.1.8937393/toolchains/llvm/prebuilt/linux-x86_64/bin/clang --target=aarch64-none-linux-android21 --sysroot=/home/dante/Android/Sdk/ndk/25.1.8937393/toolchains/llvm/prebuilt/linux-x86_64/sysroot   -g -DANDROID -fdata-sections -ffunction-sections -funwind-tables -fstack-protector-strong -no-canonical-prefixes -D_FORTIFY_SOURCE=2 -Wformat   -D_GNU_SOURCE=1 -fPIE -MD -MT CMakeFiles/cmTC_a7497.dir/CheckSymbolExists.c.o -MF CMakeFiles/cmTC_a7497.dir/CheckSymbolExists.c.o.d -o CMakeFiles/cmTC_a7497.dir/CheckSymbolExists.c.o -c /home/dante/Documentos/personal/Whisk3D/platform/android/app/.cxx/Debug/2938641f/arm64-v8a/CMakeFiles/CMakeTmp/CheckSymbolExists.c
/home/dante/Documentos/personal/Whisk3D/platform/android/app/.cxx/Debug/2938641f/arm64-v8a/CMakeFiles/CMakeTmp/CheckSymbolExists.c:8:19: error: use of undeclared identifier 'posix_spawn_file_actions_addchdir_np'
  return ((int*)(&posix_spawn_file_actions_addchdir_np))[argc];
                  ^
1 error generated.
ninja: build stopped: subcommand failed.


File /home/dante/Documentos/personal/Whisk3D/platform/android/app/.cxx/Debug/2938641f/arm64-v8a/CMakeFiles/CMakeTmp/CheckSymbolExists.c:
/* */
#include <spawn.h>

int main(int argc, char** argv)
{
  (void)argv;
#ifndef posix_spawn_file_actions_addchdir_np
  return ((int*)(&posix_spawn_file_actions_addchdir_np))[argc];
#else
  (void)argc;
  return 0;
#endif
}
Performing C SOURCE FILE Test ICONV_IN_LIBC failed with the following output:
Change Dir: /home/dante/Documentos/personal/Whisk3D/platform/android/app/.cxx/Debug/2938641f/arm64-v8a/CMakeFiles/CMakeTmp

Run Build Command(s):/usr/bin/ninja cmTC_2e666 && [1/2] Building C object CMakeFiles/cmTC_2e666.dir/src.c.o
/home/dante/Documentos/personal/Whisk3D/platform/android/app/.cxx/Debug/2938641f/arm64-v8a/CMakeFiles/CMakeTmp/src.c:6:21: warning: implicit declaration of function 'iconv_open' is invalid in C99 [-Wimplicit-function-declaration]
            return !iconv_open(NULL,NULL);
                    ^
1 warning generated.
[2/2] Linking C executable cmTC_2e666
FAILED: cmTC_2e666 
: && /home/dante/Android/Sdk/ndk/25.1.8937393/toolchains/llvm/prebuilt/linux-x86_64/bin/clang --target=aarch64-none-linux-android21 --sysroot=/home/dante/Android/Sdk/ndk/25.1.8937393/toolchains/llvm/prebuilt/linux-x86_64/sysroot -g -DANDROID -fdata-sections -ffunction-sections -funwind-tables -fstack-protector-strong -no-canonical-prefixes -D_FORTIFY_SOURCE=2 -Wformat -Werror=format-security   -D_GNU_SOURCE=1 -static-libstdc++ -Wl,--build-id=sha1 -Wl,--no-rosegment -Wl,--fatal-warnings -Wl,--gc-sections -Wl,--no-undefined -Qunused-arguments -Wl,--gc-sections CMakeFiles/cmTC_2e666.dir/src.c.o -o cmTC_2e666  -latomic -lm && :
ld: error: undefined symbol: iconv_open
>>> referenced by src.c:6
>>>               CMakeFiles/cmTC_2e666.dir/src.c.o:(main)
clang: error: linker command failed with exit code 1 (use -v to see invocation)
ninja: build stopped: subcommand failed.


Source file was:

        #define LIBICONV_PLUG 1 /* in case libiconv header is in include path */
        #include <stddef.h>
        #include <iconv.h>
        int main(int argc, char **argv) {
            return !iconv_open(NULL,NULL);
        }
Performing C SOURCE FILE Test ICONV_IN_LIBICONV failed with the following output:
Change Dir: /home/dante/Documentos/personal/Whisk3D/platform/android/app/.cxx/Debug/2938641f/arm64-v8a/CMakeFiles/CMakeTmp

Run Build Command(s):/usr/bin/ninja cmTC_d3eb5 && [1/2] Building C object CMakeFiles/cmTC_d3eb5.dir/src.c.o
/home/dante/Documentos/personal/Whisk3D/platform/android/app/.cxx/Debug/2938641f/arm64-v8a/CMakeFiles/CMakeTmp/src.c:5:21: warning: implicit declaration of function 'iconv_open' is invalid in C99 [-Wimplicit-function-declaration]
            return !iconv_open(NULL,NULL);
                    ^
1 warning generated.
[2/2] Linking C executable cmTC_d3eb5
FAILED: cmTC_d3eb5 
: && /home/dante/Android/Sdk/ndk/25.1.8937393/toolchains/llvm/prebuilt/linux-x86_64/bin/clang --target=aarch64-none-linux-android21 --sysroot=/home/dante/Android/Sdk/ndk/25.1.8937393/toolchains/llvm/prebuilt/linux-x86_64/sysroot -g -DANDROID -fdata-sections -ffunction-sections -funwind-tables -fstack-protector-strong -no-canonical-prefixes -D_FORTIFY_SOURCE=2 -Wformat -Werror=format-security   -D_GNU_SOURCE=1 -static-libstdc++ -Wl,--build-id=sha1 -Wl,--no-rosegment -Wl,--fatal-warnings -Wl,--gc-sections -Wl,--no-undefined -Qunused-arguments -Wl,--gc-sections CMakeFiles/cmTC_d3eb5.dir/src.c.o -o cmTC_d3eb5  -liconv  -latomic -lm && :
ld: error: unable to find library -liconv
clang: error: linker command failed with exit code 1 (use -v to see invocation)
ninja: build stopped: subcommand failed.


Source file was:

        #include <stddef.h>
        #include <iconv.h>
        int main(int argc, char **argv) {
            return !iconv_open(NULL,NULL);
        }
Performing C SOURCE FILE Test HAVE_ARM_MODE failed with the following output:
Change Dir: /home/dante/Documentos/personal/Whisk3D/platform/android/app/.cxx/Debug/2938641f/arm64-v8a/CMakeFiles/CMakeTmp

Run Build Command(s):/usr/bin/ninja cmTC_40c86 && [1/2] Building C object CMakeFiles/cmTC_40c86.dir/src.c.o
FAILED: CMakeFiles/cmTC_40c86.dir/src.c.o 
/home/dante/Android/Sdk/ndk/25.1.8937393/toolchains/llvm/prebuilt/linux-x86_64/bin/clang --target=aarch64-none-linux-android21 --sysroot=/home/dante/Android/Sdk/ndk/25.1.8937393/toolchains/llvm/prebuilt/linux-x86_64/sysroot -DHAVE_ARM_MODE  -g -DANDROID -fdata-sections -ffunction-sections -funwind-tables -fstack-protector-strong -no-canonical-prefixes -D_FORTIFY_SOURCE=2 -Wformat -Werror=format-security   -D_GNU_SOURCE=1 -Werror=unused-command-line-argument -fPIE   -marm -MD -MT CMakeFiles/cmTC_40c86.dir/src.c.o -MF CMakeFiles/cmTC_40c86.dir/src.c.o.d -o CMakeFiles/cmTC_40c86.dir/src.c.o -c /home/dante/Documentos/personal/Whisk3D/platform/android/app/.cxx/Debug/2938641f/arm64-v8a/CMakeFiles/CMakeTmp/src.c
clang: error: argument unused during compilation: '-marm' [-Werror,-Wunused-command-line-argument]
ninja: build stopped: subcommand failed.


Source file was:
int main(void) { return 0; }
Determining if the include file pthread_np.h exists failed with the following output:
Change Dir: /home/dante/Documentos/personal/Whisk3D/platform/android/app/.cxx/Debug/2938641f/arm64-v8a/CMakeFiles/CMakeTmp

Run Build Command(s):/usr/bin/ninja cmTC_2939b && [1/2] Building C object CMakeFiles/cmTC_2939b.dir/CheckIncludeFile.c.o
FAILED: CMakeFiles/cmTC_2939b.dir/CheckIncludeFile.c.o 
/home/dante/Android/Sdk/ndk/25.1.8937393/toolchains/llvm/prebuilt/linux-x86_64/bin/clang --target=aarch64-none-linux-android21 --sysroot=/home/dante/Android/Sdk/ndk/25.1.8937393/toolchains/llvm/prebuilt/linux-x86_64/sysroot   -g -DANDROID -fdata-sections -ffunction-sections -funwind-tables -fstack-protector-strong -no-canonical-prefixes -D_FORTIFY_SOURCE=2 -Wformat -Werror=format-security   -D_GNU_SOURCE=1 -fPIE -MD -MT CMakeFiles/cmTC_2939b.dir/CheckIncludeFile.c.o -MF CMakeFiles/cmTC_2939b.dir/CheckIncludeFile.c.o.d -o CMakeFiles/cmTC_2939b.dir/CheckIncludeFile.c.o -c /home/dante/Documentos/personal/Whisk3D/platform/android/app/.cxx/Debug/2938641f/arm64-v8a/CMakeFiles/CMakeTmp/CheckIncludeFile.c
/home/dante/Documentos/personal/Whisk3D/platform/android/app/.cxx/Debug/2938641f/arm64-v8a/CMakeFiles/CMakeTmp/CheckIncludeFile.c:1:10: fatal error: 'pthread_np.h' file not found
#include <pthread_np.h>
         ^~~~~~~~~~~~~~
1 error generated.
ninja: build stopped: subcommand failed.



