Determining if the __GLIBC__ exist failed with the following output:
Change Dir: /home/dante/Documentos/personal/Whisk3D/android/app/.cxx/Debug/6l6zoi28/armeabi-v7a/CMakeFiles/CMakeTmp

Run Build Command(s):/usr/bin/ninja cmTC_f9943 && [1/2] Building C object CMakeFiles/cmTC_f9943.dir/CheckSymbolExists.c.o
FAILED: CMakeFiles/cmTC_f9943.dir/CheckSymbolExists.c.o 
/home/dante/Android/Sdk/ndk/27.0.12077973/toolchains/llvm/prebuilt/linux-x86_64/bin/clang --target=armv7-none-linux-androideabi21 --sysroot=/home/dante/Android/Sdk/ndk/27.0.12077973/toolchains/llvm/prebuilt/linux-x86_64/sysroot   -g -DANDROID -fdata-sections -ffunction-sections -funwind-tables -fstack-protector-strong -no-canonical-prefixes -D_FORTIFY_SOURCE=2 -march=armv7-a -mthumb -Wformat   -fPIE -MD -MT CMakeFiles/cmTC_f9943.dir/CheckSymbolExists.c.o -MF CMakeFiles/cmTC_f9943.dir/CheckSymbolExists.c.o.d -o CMakeFiles/cmTC_f9943.dir/CheckSymbolExists.c.o -c /home/dante/Documentos/personal/Whisk3D/android/app/.cxx/Debug/6l6zoi28/armeabi-v7a/CMakeFiles/CMakeTmp/CheckSymbolExists.c
/home/dante/Documentos/personal/Whisk3D/android/app/.cxx/Debug/6l6zoi28/armeabi-v7a/CMakeFiles/CMakeTmp/CheckSymbolExists.c:8:19: error: use of undeclared identifier '__GLIBC__'
    8 |   return ((int*)(&__GLIBC__))[argc];
      |                   ^
1 error generated.
ninja: build stopped: subcommand failed.


File /home/dante/Documentos/personal/Whisk3D/android/app/.cxx/Debug/6l6zoi28/armeabi-v7a/CMakeFiles/CMakeTmp/CheckSymbolExists.c:
/* */
#include <stdlib.h>

int main(int argc, char** argv)
{
  (void)argv;
#ifndef __GLIBC__
  return ((int*)(&__GLIBC__))[argc];
#else
  (void)argc;
  return 0;
#endif
}
Performing C SOURCE FILE Test CHECK_CPU_ARCHITECTURE_X86 failed with the following output:
Change Dir: /home/dante/Documentos/personal/Whisk3D/android/app/.cxx/Debug/6l6zoi28/armeabi-v7a/CMakeFiles/CMakeTmp

Run Build Command(s):/usr/bin/ninja cmTC_ea621 && [1/2] Building C object CMakeFiles/cmTC_ea621.dir/src.c.o
FAILED: CMakeFiles/cmTC_ea621.dir/src.c.o 
/home/dante/Android/Sdk/ndk/27.0.12077973/toolchains/llvm/prebuilt/linux-x86_64/bin/clang --target=armv7-none-linux-androideabi21 --sysroot=/home/dante/Android/Sdk/ndk/27.0.12077973/toolchains/llvm/prebuilt/linux-x86_64/sysroot -DCHECK_CPU_ARCHITECTURE_X86  -g -DANDROID -fdata-sections -ffunction-sections -funwind-tables -fstack-protector-strong -no-canonical-prefixes -D_FORTIFY_SOURCE=2 -march=armv7-a -mthumb -Wformat -Werror=format-security   -fPIE -MD -MT CMakeFiles/cmTC_ea621.dir/src.c.o -MF CMakeFiles/cmTC_ea621.dir/src.c.o.d -o CMakeFiles/cmTC_ea621.dir/src.c.o -c /home/dante/Documentos/personal/Whisk3D/android/app/.cxx/Debug/6l6zoi28/armeabi-v7a/CMakeFiles/CMakeTmp/src.c
/home/dante/Documentos/personal/Whisk3D/android/app/.cxx/Debug/6l6zoi28/armeabi-v7a/CMakeFiles/CMakeTmp/src.c:6:3: error: use of undeclared identifier 'choke'
    6 |   choke
      |   ^
1 error generated.
ninja: build stopped: subcommand failed.


Source file was:

int main(int argc, char *argv[]) {
#if defined(__i386__) || defined(__i486__) || defined(__i586__) || defined(__i686__) ||defined( __i386) || defined(_M_IX86)
  return 0;
#else
  choke
#endif
}

Performing C SOURCE FILE Test CHECK_CPU_ARCHITECTURE_X64 failed with the following output:
Change Dir: /home/dante/Documentos/personal/Whisk3D/android/app/.cxx/Debug/6l6zoi28/armeabi-v7a/CMakeFiles/CMakeTmp

Run Build Command(s):/usr/bin/ninja cmTC_67967 && [1/2] Building C object CMakeFiles/cmTC_67967.dir/src.c.o
FAILED: CMakeFiles/cmTC_67967.dir/src.c.o 
/home/dante/Android/Sdk/ndk/27.0.12077973/toolchains/llvm/prebuilt/linux-x86_64/bin/clang --target=armv7-none-linux-androideabi21 --sysroot=/home/dante/Android/Sdk/ndk/27.0.12077973/toolchains/llvm/prebuilt/linux-x86_64/sysroot -DCHECK_CPU_ARCHITECTURE_X64  -g -DANDROID -fdata-sections -ffunction-sections -funwind-tables -fstack-protector-strong -no-canonical-prefixes -D_FORTIFY_SOURCE=2 -march=armv7-a -mthumb -Wformat -Werror=format-security   -fPIE -MD -MT CMakeFiles/cmTC_67967.dir/src.c.o -MF CMakeFiles/cmTC_67967.dir/src.c.o.d -o CMakeFiles/cmTC_67967.dir/src.c.o -c /home/dante/Documentos/personal/Whisk3D/android/app/.cxx/Debug/6l6zoi28/armeabi-v7a/CMakeFiles/CMakeTmp/src.c
/home/dante/Documentos/personal/Whisk3D/android/app/.cxx/Debug/6l6zoi28/armeabi-v7a/CMakeFiles/CMakeTmp/src.c:6:3: error: use of undeclared identifier 'choke'
    6 |   choke
      |   ^
1 error generated.
ninja: build stopped: subcommand failed.


Source file was:

int main(int argc, char *argv[]) {
#if defined(__amd64__) || defined(__amd64) || defined(__x86_64__) || defined(__x86_64) || defined(_M_X64) || defined(_M_AMD64)
  return 0;
#else
  choke
#endif
}

Performing C SOURCE FILE Test CHECK_CPU_ARCHITECTURE_ARM64 failed with the following output:
Change Dir: /home/dante/Documentos/personal/Whisk3D/android/app/.cxx/Debug/6l6zoi28/armeabi-v7a/CMakeFiles/CMakeTmp

Run Build Command(s):/usr/bin/ninja cmTC_de399 && [1/2] Building C object CMakeFiles/cmTC_de399.dir/src.c.o
FAILED: CMakeFiles/cmTC_de399.dir/src.c.o 
/home/dante/Android/Sdk/ndk/27.0.12077973/toolchains/llvm/prebuilt/linux-x86_64/bin/clang --target=armv7-none-linux-androideabi21 --sysroot=/home/dante/Android/Sdk/ndk/27.0.12077973/toolchains/llvm/prebuilt/linux-x86_64/sysroot -DCHECK_CPU_ARCHITECTURE_ARM64  -g -DANDROID -fdata-sections -ffunction-sections -funwind-tables -fstack-protector-strong -no-canonical-prefixes -D_FORTIFY_SOURCE=2 -march=armv7-a -mthumb -Wformat -Werror=format-security   -fPIE -MD -MT CMakeFiles/cmTC_de399.dir/src.c.o -MF CMakeFiles/cmTC_de399.dir/src.c.o.d -o CMakeFiles/cmTC_de399.dir/src.c.o -c /home/dante/Documentos/personal/Whisk3D/android/app/.cxx/Debug/6l6zoi28/armeabi-v7a/CMakeFiles/CMakeTmp/src.c
/home/dante/Documentos/personal/Whisk3D/android/app/.cxx/Debug/6l6zoi28/armeabi-v7a/CMakeFiles/CMakeTmp/src.c:6:3: error: use of undeclared identifier 'choke'
    6 |   choke
      |   ^
1 error generated.
ninja: build stopped: subcommand failed.


Source file was:

int main(int argc, char *argv[]) {
#if defined(__aarch64__) || defined(_M_ARM64)
  return 0;
#else
  choke
#endif
}

Performing C SOURCE FILE Test CHECK_CPU_ARCHITECTURE_LOONGARCH64 failed with the following output:
Change Dir: /home/dante/Documentos/personal/Whisk3D/android/app/.cxx/Debug/6l6zoi28/armeabi-v7a/CMakeFiles/CMakeTmp

Run Build Command(s):/usr/bin/ninja cmTC_2e8d8 && [1/2] Building C object CMakeFiles/cmTC_2e8d8.dir/src.c.o
FAILED: CMakeFiles/cmTC_2e8d8.dir/src.c.o 
/home/dante/Android/Sdk/ndk/27.0.12077973/toolchains/llvm/prebuilt/linux-x86_64/bin/clang --target=armv7-none-linux-androideabi21 --sysroot=/home/dante/Android/Sdk/ndk/27.0.12077973/toolchains/llvm/prebuilt/linux-x86_64/sysroot -DCHECK_CPU_ARCHITECTURE_LOONGARCH64  -g -DANDROID -fdata-sections -ffunction-sections -funwind-tables -fstack-protector-strong -no-canonical-prefixes -D_FORTIFY_SOURCE=2 -march=armv7-a -mthumb -Wformat -Werror=format-security   -fPIE -MD -MT CMakeFiles/cmTC_2e8d8.dir/src.c.o -MF CMakeFiles/cmTC_2e8d8.dir/src.c.o.d -o CMakeFiles/cmTC_2e8d8.dir/src.c.o -c /home/dante/Documentos/personal/Whisk3D/android/app/.cxx/Debug/6l6zoi28/armeabi-v7a/CMakeFiles/CMakeTmp/src.c
/home/dante/Documentos/personal/Whisk3D/android/app/.cxx/Debug/6l6zoi28/armeabi-v7a/CMakeFiles/CMakeTmp/src.c:6:3: error: use of undeclared identifier 'choke'
    6 |   choke
      |   ^
1 error generated.
ninja: build stopped: subcommand failed.


Source file was:

int main(int argc, char *argv[]) {
#if defined(__loongarch64)
  return 0;
#else
  choke
#endif
}

Determining if the include file immintrin.h exists failed with the following output:
Change Dir: /home/dante/Documentos/personal/Whisk3D/android/app/.cxx/Debug/6l6zoi28/armeabi-v7a/CMakeFiles/CMakeTmp

Run Build Command(s):/usr/bin/ninja cmTC_8c5ed && [1/2] Building C object CMakeFiles/cmTC_8c5ed.dir/CheckIncludeFile.c.o
FAILED: CMakeFiles/cmTC_8c5ed.dir/CheckIncludeFile.c.o 
/home/dante/Android/Sdk/ndk/27.0.12077973/toolchains/llvm/prebuilt/linux-x86_64/bin/clang --target=armv7-none-linux-androideabi21 --sysroot=/home/dante/Android/Sdk/ndk/27.0.12077973/toolchains/llvm/prebuilt/linux-x86_64/sysroot   -g -DANDROID -fdata-sections -ffunction-sections -funwind-tables -fstack-protector-strong -no-canonical-prefixes -D_FORTIFY_SOURCE=2 -march=armv7-a -mthumb -Wformat -Werror=format-security  -idirafter "/home/dante/Documentos/personal/Whisk3D/android/app/.cxx/Debug/6l6zoi28/armeabi-v7a/external/SDL2/src/video/khronos"  -D_GNU_SOURCE=1 -fPIE -MD -MT CMakeFiles/cmTC_8c5ed.dir/CheckIncludeFile.c.o -MF CMakeFiles/cmTC_8c5ed.dir/CheckIncludeFile.c.o.d -o CMakeFiles/cmTC_8c5ed.dir/CheckIncludeFile.c.o -c /home/dante/Documentos/personal/Whisk3D/android/app/.cxx/Debug/6l6zoi28/armeabi-v7a/CMakeFiles/CMakeTmp/CheckIncludeFile.c
In file included from /home/dante/Documentos/personal/Whisk3D/android/app/.cxx/Debug/6l6zoi28/armeabi-v7a/CMakeFiles/CMakeTmp/CheckIncludeFile.c:1:
/home/dante/Android/Sdk/ndk/27.0.12077973/toolchains/llvm/prebuilt/linux-x86_64/lib/clang/18/include/immintrin.h:14:2: error: "This header is only meant to be used on x86 and x64 architecture"
   14 | #error "This header is only meant to be used on x86 and x64 architecture"
      |  ^
In file included from /home/dante/Documentos/personal/Whisk3D/android/app/.cxx/Debug/6l6zoi28/armeabi-v7a/CMakeFiles/CMakeTmp/CheckIncludeFile.c:1:
In file included from /home/dante/Android/Sdk/ndk/27.0.12077973/toolchains/llvm/prebuilt/linux-x86_64/lib/clang/18/include/immintrin.h:17:
In file included from /home/dante/Android/Sdk/ndk/27.0.12077973/toolchains/llvm/prebuilt/linux-x86_64/lib/clang/18/include/x86gprintrin.h:15:
/home/dante/Android/Sdk/ndk/27.0.12077973/toolchains/llvm/prebuilt/linux-x86_64/lib/clang/18/include/hresetintrin.h:42:27: error: invalid input constraint 'a' in asm
   42 |   __asm__ ("hreset $0" :: "a"(__eax));
      |                           ^
In file included from /home/dante/Documentos/personal/Whisk3D/android/app/.cxx/Debug/6l6zoi28/armeabi-v7a/CMakeFiles/CMakeTmp/CheckIncludeFile.c:1:
In file included from /home/dante/Android/Sdk/ndk/27.0.12077973/toolchains/llvm/prebuilt/linux-x86_64/lib/clang/18/include/immintrin.h:21:
/home/dante/Android/Sdk/ndk/27.0.12077973/toolchains/llvm/prebuilt/linux-x86_64/lib/clang/18/include/mmintrin.h:14:2: error: "This header is only meant to be used on x86 and x64 architecture"
   14 | #error "This header is only meant to be used on x86 and x64 architecture"
      |  ^
/home/dante/Android/Sdk/ndk/27.0.12077973/toolchains/llvm/prebuilt/linux-x86_64/lib/clang/18/include/mmintrin.h:56:12: error: invalid conversion between vector type '__m64' (vector of 1 'long long' value) and integer type 'int' of different size
   56 |     return (__m64)__builtin_ia32_vec_init_v2si(__i, 0);
      |            ^~~~~~~~~~~~~~~~~~~~~~~~~~~~~~~~~~~~~~~~~~~
/home/dante/Android/Sdk/ndk/27.0.12077973/toolchains/llvm/prebuilt/linux-x86_64/lib/clang/18/include/mmintrin.h:135:12: error: invalid conversion between vector type '__m64' (vector of 1 'long long' value) and integer type 'int' of different size
  135 |     return (__m64)__builtin_ia32_packsswb((__v4hi)__m1, (__v4hi)__m2);
      |            ^~~~~~~~~~~~~~~~~~~~~~~~~~~~~~~~~~~~~~~~~~~~~~~~~~~~~~~~~~
/home/dante/Android/Sdk/ndk/27.0.12077973/toolchains/llvm/prebuilt/linux-x86_64/lib/clang/18/include/mmintrin.h:165:12: error: invalid conversion between vector type '__m64' (vector of 1 'long long' value) and integer type 'int' of different size
  165 |     return (__m64)__builtin_ia32_packssdw((__v2si)__m1, (__v2si)__m2);
      |            ^~~~~~~~~~~~~~~~~~~~~~~~~~~~~~~~~~~~~~~~~~~~~~~~~~~~~~~~~~
/home/dante/Android/Sdk/ndk/27.0.12077973/toolchains/llvm/prebuilt/linux-x86_64/lib/clang/18/include/mmintrin.h:195:12: error: invalid conversion between vector type '__m64' (vector of 1 'long long' value) and integer type 'int' of different size
  195 |     return (__m64)__builtin_ia32_packuswb((__v4hi)__m1, (__v4hi)__m2);
      |            ^~~~~~~~~~~~~~~~~~~~~~~~~~~~~~~~~~~~~~~~~~~~~~~~~~~~~~~~~~
/home/dante/Android/Sdk/ndk/27.0.12077973/toolchains/llvm/prebuilt/linux-x86_64/lib/clang/18/include/mmintrin.h:222:12: error: invalid conversion between vector type '__m64' (vector of 1 'long long' value) and integer type 'int' of different size
  222 |     return (__m64)__builtin_ia32_punpckhbw((__v8qi)__m1, (__v8qi)__m2);
      |            ^~~~~~~~~~~~~~~~~~~~~~~~~~~~~~~~~~~~~~~~~~~~~~~~~~~~~~~~~~~
/home/dante/Android/Sdk/ndk/27.0.12077973/toolchains/llvm/prebuilt/linux-x86_64/lib/clang/18/include/mmintrin.h:245:12: error: invalid conversion between vector type '__m64' (vector of 1 'long long' value) and integer type 'int' of different size
  245 |     return (__m64)__builtin_ia32_punpckhwd((__v4hi)__m1, (__v4hi)__m2);
      |            ^~~~~~~~~~~~~~~~~~~~~~~~~~~~~~~~~~~~~~~~~~~~~~~~~~~~~~~~~~~
/home/dante/Android/Sdk/ndk/27.0.12077973/toolchains/llvm/prebuilt/linux-x86_64/lib/clang/18/include/mmintrin.h:266:12: error: invalid conversion between vector type '__m64' (vector of 1 'long long' value) and integer type 'int' of different size
  266 |     return (__m64)__builtin_ia32_punpckhdq((__v2si)__m1, (__v2si)__m2);
      |            ^~~~~~~~~~~~~~~~~~~~~~~~~~~~~~~~~~~~~~~~~~~~~~~~~~~~~~~~~~~
/home/dante/Android/Sdk/ndk/27.0.12077973/toolchains/llvm/prebuilt/linux-x86_64/lib/clang/18/include/mmintrin.h:293:12: error: invalid conversion between vector type '__m64' (vector of 1 'long long' value) and integer type 'int' of different size
  293 |     return (__m64)__builtin_ia32_punpcklbw((__v8qi)__m1, (__v8qi)__m2);
      |            ^~~~~~~~~~~~~~~~~~~~~~~~~~~~~~~~~~~~~~~~~~~~~~~~~~~~~~~~~~~
/home/dante/Android/Sdk/ndk/27.0.12077973/toolchains/llvm/prebuilt/linux-x86_64/lib/clang/18/include/mmintrin.h:316:12: error: invalid conversion between vector type '__m64' (vector of 1 'long long' value) and integer type 'int' of different size
  316 |     return (__m64)__builtin_ia32_punpcklwd((__v4hi)__m1, (__v4hi)__m2);
      |            ^~~~~~~~~~~~~~~~~~~~~~~~~~~~~~~~~~~~~~~~~~~~~~~~~~~~~~~~~~~
/home/dante/Android/Sdk/ndk/27.0.12077973/toolchains/llvm/prebuilt/linux-x86_64/lib/clang/18/include/mmintrin.h:337:12: error: invalid conversion between vector type '__m64' (vector of 1 'long long' value) and integer type 'int' of different size
  337 |     return (__m64)__builtin_ia32_punpckldq((__v2si)__m1, (__v2si)__m2);
      |            ^~~~~~~~~~~~~~~~~~~~~~~~~~~~~~~~~~~~~~~~~~~~~~~~~~~~~~~~~~~
/home/dante/Android/Sdk/ndk/27.0.12077973/toolchains/llvm/prebuilt/linux-x86_64/lib/clang/18/include/mmintrin.h:358:12: error: invalid conversion between vector type '__m64' (vector of 1 'long long' value) and integer type 'int' of different size
  358 |     return (__m64)__builtin_ia32_paddb((__v8qi)__m1, (__v8qi)__m2);
      |            ^~~~~~~~~~~~~~~~~~~~~~~~~~~~~~~~~~~~~~~~~~~~~~~~~~~~~~~
/home/dante/Android/Sdk/ndk/27.0.12077973/toolchains/llvm/prebuilt/linux-x86_64/lib/clang/18/include/mmintrin.h:379:12: error: invalid conversion between vector type '__m64' (vector of 1 'long long' value) and integer type 'int' of different size
  379 |     return (__m64)__builtin_ia32_paddw((__v4hi)__m1, (__v4hi)__m2);
      |            ^~~~~~~~~~~~~~~~~~~~~~~~~~~~~~~~~~~~~~~~~~~~~~~~~~~~~~~
/home/dante/Android/Sdk/ndk/27.0.12077973/toolchains/llvm/prebuilt/linux-x86_64/lib/clang/18/include/mmintrin.h:400:12: error: invalid conversion between vector type '__m64' (vector of 1 'long long' value) and integer type 'int' of different size
  400 |     return (__m64)__builtin_ia32_paddd((__v2si)__m1, (__v2si)__m2);
      |            ^~~~~~~~~~~~~~~~~~~~~~~~~~~~~~~~~~~~~~~~~~~~~~~~~~~~~~~
/home/dante/Android/Sdk/ndk/27.0.12077973/toolchains/llvm/prebuilt/linux-x86_64/lib/clang/18/include/mmintrin.h:422:12: error: invalid conversion between vector type '__m64' (vector of 1 'long long' value) and integer type 'int' of different size
  422 |     return (__m64)__builtin_ia32_paddsb((__v8qi)__m1, (__v8qi)__m2);
      |            ^~~~~~~~~~~~~~~~~~~~~~~~~~~~~~~~~~~~~~~~~~~~~~~~~~~~~~~~
/home/dante/Android/Sdk/ndk/27.0.12077973/toolchains/llvm/prebuilt/linux-x86_64/lib/clang/18/include/mmintrin.h:445:12: error: invalid conversion between vector type '__m64' (vector of 1 'long long' value) and integer type 'int' of different size
  445 |     return (__m64)__builtin_ia32_paddsw((__v4hi)__m1, (__v4hi)__m2);
      |            ^~~~~~~~~~~~~~~~~~~~~~~~~~~~~~~~~~~~~~~~~~~~~~~~~~~~~~~~
/home/dante/Android/Sdk/ndk/27.0.12077973/toolchains/llvm/prebuilt/linux-x86_64/lib/clang/18/include/mmintrin.h:467:12: error: invalid conversion between vector type '__m64' (vector of 1 'long long' value) and integer type 'int' of different size
  467 |     return (__m64)__builtin_ia32_paddusb((__v8qi)__m1, (__v8qi)__m2);
      |            ^~~~~~~~~~~~~~~~~~~~~~~~~~~~~~~~~~~~~~~~~~~~~~~~~~~~~~~~~
fatal error: too many errors emitted, stopping now [-ferror-limit=]
20 errors generated.
ninja: build stopped: subcommand failed.



Performing C SOURCE FILE Test HAVE_ALTIVEC_H_HDR failed with the following output:
Change Dir: /home/dante/Documentos/personal/Whisk3D/android/app/.cxx/Debug/6l6zoi28/armeabi-v7a/CMakeFiles/CMakeTmp

Run Build Command(s):/usr/bin/ninja cmTC_cb16f && [1/2] Building C object CMakeFiles/cmTC_cb16f.dir/src.c.o
FAILED: CMakeFiles/cmTC_cb16f.dir/src.c.o 
/home/dante/Android/Sdk/ndk/27.0.12077973/toolchains/llvm/prebuilt/linux-x86_64/bin/clang --target=armv7-none-linux-androideabi21 --sysroot=/home/dante/Android/Sdk/ndk/27.0.12077973/toolchains/llvm/prebuilt/linux-x86_64/sysroot -DHAVE_ALTIVEC_H_HDR  -g -DANDROID -fdata-sections -ffunction-sections -funwind-tables -fstack-protector-strong -no-canonical-prefixes -D_FORTIFY_SOURCE=2 -march=armv7-a -mthumb -Wformat -Werror=format-security  -idirafter "/home/dante/Documentos/personal/Whisk3D/android/app/.cxx/Debug/6l6zoi28/armeabi-v7a/external/SDL2/src/video/khronos" -maltivec -fPIE -MD -MT CMakeFiles/cmTC_cb16f.dir/src.c.o -MF CMakeFiles/cmTC_cb16f.dir/src.c.o.d -o CMakeFiles/cmTC_cb16f.dir/src.c.o -c /home/dante/Documentos/personal/Whisk3D/android/app/.cxx/Debug/6l6zoi28/armeabi-v7a/CMakeFiles/CMakeTmp/src.c
clang: error: unsupported option '-maltivec' for target 'armv7-none-linux-androideabi21'
ninja: build stopped: subcommand failed.


Source file was:

          #include <altivec.h>
          vector unsigned int vzero() {
              return vec_splat_u32(0);
          }
          int main(int argc, char **argv) { return 0; }
Performing C SOURCE FILE Test CPU_SUPPORTS_ALTIVEC failed with the following output:
Change Dir: /home/dante/Documentos/personal/Whisk3D/android/app/.cxx/Debug/6l6zoi28/armeabi-v7a/CMakeFiles/CMakeTmp

Run Build Command(s):/usr/bin/ninja cmTC_9c6a3 && [1/2] Building C object CMakeFiles/cmTC_9c6a3.dir/src.c.o
FAILED: CMakeFiles/cmTC_9c6a3.dir/src.c.o 
/home/dante/Android/Sdk/ndk/27.0.12077973/toolchains/llvm/prebuilt/linux-x86_64/bin/clang --target=armv7-none-linux-androideabi21 --sysroot=/home/dante/Android/Sdk/ndk/27.0.12077973/toolchains/llvm/prebuilt/linux-x86_64/sysroot -DCPU_SUPPORTS_ALTIVEC  -g -DANDROID -fdata-sections -ffunction-sections -funwind-tables -fstack-protector-strong -no-canonical-prefixes -D_FORTIFY_SOURCE=2 -march=armv7-a -mthumb -Wformat -Werror=format-security  -idirafter "/home/dante/Documentos/personal/Whisk3D/android/app/.cxx/Debug/6l6zoi28/armeabi-v7a/external/SDL2/src/video/khronos" -maltivec -fPIE -MD -MT CMakeFiles/cmTC_9c6a3.dir/src.c.o -MF CMakeFiles/cmTC_9c6a3.dir/src.c.o.d -o CMakeFiles/cmTC_9c6a3.dir/src.c.o -c /home/dante/Documentos/personal/Whisk3D/android/app/.cxx/Debug/6l6zoi28/armeabi-v7a/CMakeFiles/CMakeTmp/src.c
clang: error: unsupported option '-maltivec' for target 'armv7-none-linux-androideabi21'
ninja: build stopped: subcommand failed.


Source file was:

          vector unsigned int vzero() {
              return vec_splat_u32(0);
          }
          int main(int argc, char **argv) { return 0; }
Determining if the _strrev exist failed with the following output:
Change Dir: /home/dante/Documentos/personal/Whisk3D/android/app/.cxx/Debug/6l6zoi28/armeabi-v7a/CMakeFiles/CMakeTmp

Run Build Command(s):/usr/bin/ninja cmTC_e1e4f && [1/2] Building C object CMakeFiles/cmTC_e1e4f.dir/CheckSymbolExists.c.o
FAILED: CMakeFiles/cmTC_e1e4f.dir/CheckSymbolExists.c.o 
/home/dante/Android/Sdk/ndk/27.0.12077973/toolchains/llvm/prebuilt/linux-x86_64/bin/clang --target=armv7-none-linux-androideabi21 --sysroot=/home/dante/Android/Sdk/ndk/27.0.12077973/toolchains/llvm/prebuilt/linux-x86_64/sysroot   -g -DANDROID -fdata-sections -ffunction-sections -funwind-tables -fstack-protector-strong -no-canonical-prefixes -D_FORTIFY_SOURCE=2 -march=armv7-a -mthumb -Wformat  -idirafter "/home/dante/Documentos/personal/Whisk3D/android/app/.cxx/Debug/6l6zoi28/armeabi-v7a/external/SDL2/src/video/khronos"  -D_GNU_SOURCE=1 -fPIE -MD -MT CMakeFiles/cmTC_e1e4f.dir/CheckSymbolExists.c.o -MF CMakeFiles/cmTC_e1e4f.dir/CheckSymbolExists.c.o.d -o CMakeFiles/cmTC_e1e4f.dir/CheckSymbolExists.c.o -c /home/dante/Documentos/personal/Whisk3D/android/app/.cxx/Debug/6l6zoi28/armeabi-v7a/CMakeFiles/CMakeTmp/CheckSymbolExists.c
/home/dante/Documentos/personal/Whisk3D/android/app/.cxx/Debug/6l6zoi28/armeabi-v7a/CMakeFiles/CMakeTmp/CheckSymbolExists.c:14:19: error: use of undeclared identifier '_strrev'; did you mean 'strsep'?
   14 |   return ((int*)(&_strrev))[argc];
      |                   ^~~~~~~
      |                   strsep
/home/dante/Android/Sdk/ndk/27.0.12077973/toolchains/llvm/prebuilt/linux-x86_64/sysroot/usr/include/string.h:182:17: note: 'strsep' declared here
  182 | char* _Nullable strsep(char* _Nullable * _Nonnull __s_ptr, const char* _Nonnull __delimiter);
      |                 ^
1 error generated.
ninja: build stopped: subcommand failed.


File /home/dante/Documentos/personal/Whisk3D/android/app/.cxx/Debug/6l6zoi28/armeabi-v7a/CMakeFiles/CMakeTmp/CheckSymbolExists.c:
/* */
#include <stddef.h>
#include <stdarg.h>
#include <stdlib.h>
#include <string.h>
#include <stdio.h>
#include <wchar.h>
#include <float.h>

int main(int argc, char** argv)
{
  (void)argv;
#ifndef _strrev
  return ((int*)(&_strrev))[argc];
#else
  (void)argc;
  return 0;
#endif
}
Determining if the _strupr exist failed with the following output:
Change Dir: /home/dante/Documentos/personal/Whisk3D/android/app/.cxx/Debug/6l6zoi28/armeabi-v7a/CMakeFiles/CMakeTmp

Run Build Command(s):/usr/bin/ninja cmTC_6078a && [1/2] Building C object CMakeFiles/cmTC_6078a.dir/CheckSymbolExists.c.o
FAILED: CMakeFiles/cmTC_6078a.dir/CheckSymbolExists.c.o 
/home/dante/Android/Sdk/ndk/27.0.12077973/toolchains/llvm/prebuilt/linux-x86_64/bin/clang --target=armv7-none-linux-androideabi21 --sysroot=/home/dante/Android/Sdk/ndk/27.0.12077973/toolchains/llvm/prebuilt/linux-x86_64/sysroot   -g -DANDROID -fdata-sections -ffunction-sections -funwind-tables -fstack-protector-strong -no-canonical-prefixes -D_FORTIFY_SOURCE=2 -march=armv7-a -mthumb -Wformat  -idirafter "/home/dante/Documentos/personal/Whisk3D/android/app/.cxx/Debug/6l6zoi28/armeabi-v7a/external/SDL2/src/video/khronos"  -D_GNU_SOURCE=1 -fPIE -MD -MT CMakeFiles/cmTC_6078a.dir/CheckSymbolExists.c.o -MF CMakeFiles/cmTC_6078a.dir/CheckSymbolExists.c.o.d -o CMakeFiles/cmTC_6078a.dir/CheckSymbolExists.c.o -c /home/dante/Documentos/personal/Whisk3D/android/app/.cxx/Debug/6l6zoi28/armeabi-v7a/CMakeFiles/CMakeTmp/CheckSymbolExists.c
/home/dante/Documentos/personal/Whisk3D/android/app/.cxx/Debug/6l6zoi28/armeabi-v7a/CMakeFiles/CMakeTmp/CheckSymbolExists.c:14:19: error: use of undeclared identifier '_strupr'
   14 |   return ((int*)(&_strupr))[argc];
      |                   ^
1 error generated.
ninja: build stopped: subcommand failed.


File /home/dante/Documentos/personal/Whisk3D/android/app/.cxx/Debug/6l6zoi28/armeabi-v7a/CMakeFiles/CMakeTmp/CheckSymbolExists.c:
/* */
#include <stddef.h>
#include <stdarg.h>
#include <stdlib.h>
#include <string.h>
#include <stdio.h>
#include <wchar.h>
#include <float.h>

int main(int argc, char** argv)
{
  (void)argv;
#ifndef _strupr
  return ((int*)(&_strupr))[argc];
#else
  (void)argc;
  return 0;
#endif
}
Determining if the _strlwr exist failed with the following output:
Change Dir: /home/dante/Documentos/personal/Whisk3D/android/app/.cxx/Debug/6l6zoi28/armeabi-v7a/CMakeFiles/CMakeTmp

Run Build Command(s):/usr/bin/ninja cmTC_f5f47 && [1/2] Building C object CMakeFiles/cmTC_f5f47.dir/CheckSymbolExists.c.o
FAILED: CMakeFiles/cmTC_f5f47.dir/CheckSymbolExists.c.o 
/home/dante/Android/Sdk/ndk/27.0.12077973/toolchains/llvm/prebuilt/linux-x86_64/bin/clang --target=armv7-none-linux-androideabi21 --sysroot=/home/dante/Android/Sdk/ndk/27.0.12077973/toolchains/llvm/prebuilt/linux-x86_64/sysroot   -g -DANDROID -fdata-sections -ffunction-sections -funwind-tables -fstack-protector-strong -no-canonical-prefixes -D_FORTIFY_SOURCE=2 -march=armv7-a -mthumb -Wformat  -idirafter "/home/dante/Documentos/personal/Whisk3D/android/app/.cxx/Debug/6l6zoi28/armeabi-v7a/external/SDL2/src/video/khronos"  -D_GNU_SOURCE=1 -fPIE -MD -MT CMakeFiles/cmTC_f5f47.dir/CheckSymbolExists.c.o -MF CMakeFiles/cmTC_f5f47.dir/CheckSymbolExists.c.o.d -o CMakeFiles/cmTC_f5f47.dir/CheckSymbolExists.c.o -c /home/dante/Documentos/personal/Whisk3D/android/app/.cxx/Debug/6l6zoi28/armeabi-v7a/CMakeFiles/CMakeTmp/CheckSymbolExists.c
/home/dante/Documentos/personal/Whisk3D/android/app/.cxx/Debug/6l6zoi28/armeabi-v7a/CMakeFiles/CMakeTmp/CheckSymbolExists.c:14:19: error: use of undeclared identifier '_strlwr'; did you mean 'strstr'?
   14 |   return ((int*)(&_strlwr))[argc];
      |                   ^~~~~~~
      |                   strstr
/home/dante/Android/Sdk/ndk/27.0.12077973/toolchains/llvm/prebuilt/linux-x86_64/sysroot/usr/include/string.h:117:17: note: 'strstr' declared here
  117 | char* _Nullable strstr(const char* _Nonnull __haystack, const char* _Nonnull __needle) __attribute_pure__;
      |                 ^
1 error generated.
ninja: build stopped: subcommand failed.


File /home/dante/Documentos/personal/Whisk3D/android/app/.cxx/Debug/6l6zoi28/armeabi-v7a/CMakeFiles/CMakeTmp/CheckSymbolExists.c:
/* */
#include <stddef.h>
#include <stdarg.h>
#include <stdlib.h>
#include <string.h>
#include <stdio.h>
#include <wchar.h>
#include <float.h>

int main(int argc, char** argv)
{
  (void)argv;
#ifndef _strlwr
  return ((int*)(&_strlwr))[argc];
#else
  (void)argc;
  return 0;
#endif
}
Determining if the index exist failed with the following output:
Change Dir: /home/dante/Documentos/personal/Whisk3D/android/app/.cxx/Debug/6l6zoi28/armeabi-v7a/CMakeFiles/CMakeTmp

Run Build Command(s):/usr/bin/ninja cmTC_191b0 && [1/2] Building C object CMakeFiles/cmTC_191b0.dir/CheckSymbolExists.c.o
FAILED: CMakeFiles/cmTC_191b0.dir/CheckSymbolExists.c.o 
/home/dante/Android/Sdk/ndk/27.0.12077973/toolchains/llvm/prebuilt/linux-x86_64/bin/clang --target=armv7-none-linux-androideabi21 --sysroot=/home/dante/Android/Sdk/ndk/27.0.12077973/toolchains/llvm/prebuilt/linux-x86_64/sysroot   -g -DANDROID -fdata-sections -ffunction-sections -funwind-tables -fstack-protector-strong -no-canonical-prefixes -D_FORTIFY_SOURCE=2 -march=armv7-a -mthumb -Wformat  -idirafter "/home/dante/Documentos/personal/Whisk3D/android/app/.cxx/Debug/6l6zoi28/armeabi-v7a/external/SDL2/src/video/khronos"  -D_GNU_SOURCE=1 -fPIE -MD -MT CMakeFiles/cmTC_191b0.dir/CheckSymbolExists.c.o -MF CMakeFiles/cmTC_191b0.dir/CheckSymbolExists.c.o.d -o CMakeFiles/cmTC_191b0.dir/CheckSymbolExists.c.o -c /home/dante/Documentos/personal/Whisk3D/android/app/.cxx/Debug/6l6zoi28/armeabi-v7a/CMakeFiles/CMakeTmp/CheckSymbolExists.c
/home/dante/Documentos/personal/Whisk3D/android/app/.cxx/Debug/6l6zoi28/armeabi-v7a/CMakeFiles/CMakeTmp/CheckSymbolExists.c:14:19: error: call to undeclared library function 'index' with type 'char *(const char *, int)'; ISO C99 and later do not support implicit function declarations [-Wimplicit-function-declaration]
   14 |   return ((int*)(&index))[argc];
      |                   ^
/home/dante/Documentos/personal/Whisk3D/android/app/.cxx/Debug/6l6zoi28/armeabi-v7a/CMakeFiles/CMakeTmp/CheckSymbolExists.c:14:19: note: include the header <strings.h> or explicitly provide a declaration for 'index'
1 error generated.
ninja: build stopped: subcommand failed.


File /home/dante/Documentos/personal/Whisk3D/android/app/.cxx/Debug/6l6zoi28/armeabi-v7a/CMakeFiles/CMakeTmp/CheckSymbolExists.c:
/* */
#include <stddef.h>
#include <stdarg.h>
#include <stdlib.h>
#include <string.h>
#include <stdio.h>
#include <wchar.h>
#include <float.h>

int main(int argc, char** argv)
{
  (void)argv;
#ifndef index
  return ((int*)(&index))[argc];
#else
  (void)argc;
  return 0;
#endif
}
Determining if the rindex exist failed with the following output:
Change Dir: /home/dante/Documentos/personal/Whisk3D/android/app/.cxx/Debug/6l6zoi28/armeabi-v7a/CMakeFiles/CMakeTmp

Run Build Command(s):/usr/bin/ninja cmTC_da939 && [1/2] Building C object CMakeFiles/cmTC_da939.dir/CheckSymbolExists.c.o
FAILED: CMakeFiles/cmTC_da939.dir/CheckSymbolExists.c.o 
/home/dante/Android/Sdk/ndk/27.0.12077973/toolchains/llvm/prebuilt/linux-x86_64/bin/clang --target=armv7-none-linux-androideabi21 --sysroot=/home/dante/Android/Sdk/ndk/27.0.12077973/toolchains/llvm/prebuilt/linux-x86_64/sysroot   -g -DANDROID -fdata-sections -ffunction-sections -funwind-tables -fstack-protector-strong -no-canonical-prefixes -D_FORTIFY_SOURCE=2 -march=armv7-a -mthumb -Wformat  -idirafter "/home/dante/Documentos/personal/Whisk3D/android/app/.cxx/Debug/6l6zoi28/armeabi-v7a/external/SDL2/src/video/khronos"  -D_GNU_SOURCE=1 -fPIE -MD -MT CMakeFiles/cmTC_da939.dir/CheckSymbolExists.c.o -MF CMakeFiles/cmTC_da939.dir/CheckSymbolExists.c.o.d -o CMakeFiles/cmTC_da939.dir/CheckSymbolExists.c.o -c /home/dante/Documentos/personal/Whisk3D/android/app/.cxx/Debug/6l6zoi28/armeabi-v7a/CMakeFiles/CMakeTmp/CheckSymbolExists.c
/home/dante/Documentos/personal/Whisk3D/android/app/.cxx/Debug/6l6zoi28/armeabi-v7a/CMakeFiles/CMakeTmp/CheckSymbolExists.c:14:19: error: call to undeclared library function 'rindex' with type 'char *(const char *, int)'; ISO C99 and later do not support implicit function declarations [-Wimplicit-function-declaration]
   14 |   return ((int*)(&rindex))[argc];
      |                   ^
/home/dante/Documentos/personal/Whisk3D/android/app/.cxx/Debug/6l6zoi28/armeabi-v7a/CMakeFiles/CMakeTmp/CheckSymbolExists.c:14:19: note: include the header <strings.h> or explicitly provide a declaration for 'rindex'
1 error generated.
ninja: build stopped: subcommand failed.


File /home/dante/Documentos/personal/Whisk3D/android/app/.cxx/Debug/6l6zoi28/armeabi-v7a/CMakeFiles/CMakeTmp/CheckSymbolExists.c:
/* */
#include <stddef.h>
#include <stdarg.h>
#include <stdlib.h>
#include <string.h>
#include <stdio.h>
#include <wchar.h>
#include <float.h>

int main(int argc, char** argv)
{
  (void)argv;
#ifndef rindex
  return ((int*)(&rindex))[argc];
#else
  (void)argc;
  return 0;
#endif
}
Determining if the itoa exist failed with the following output:
Change Dir: /home/dante/Documentos/personal/Whisk3D/android/app/.cxx/Debug/6l6zoi28/armeabi-v7a/CMakeFiles/CMakeTmp

Run Build Command(s):/usr/bin/ninja cmTC_ede6b && [1/2] Building C object CMakeFiles/cmTC_ede6b.dir/CheckSymbolExists.c.o
FAILED: CMakeFiles/cmTC_ede6b.dir/CheckSymbolExists.c.o 
/home/dante/Android/Sdk/ndk/27.0.12077973/toolchains/llvm/prebuilt/linux-x86_64/bin/clang --target=armv7-none-linux-androideabi21 --sysroot=/home/dante/Android/Sdk/ndk/27.0.12077973/toolchains/llvm/prebuilt/linux-x86_64/sysroot   -g -DANDROID -fdata-sections -ffunction-sections -funwind-tables -fstack-protector-strong -no-canonical-prefixes -D_FORTIFY_SOURCE=2 -march=armv7-a -mthumb -Wformat  -idirafter "/home/dante/Documentos/personal/Whisk3D/android/app/.cxx/Debug/6l6zoi28/armeabi-v7a/external/SDL2/src/video/khronos"  -D_GNU_SOURCE=1 -fPIE -MD -MT CMakeFiles/cmTC_ede6b.dir/CheckSymbolExists.c.o -MF CMakeFiles/cmTC_ede6b.dir/CheckSymbolExists.c.o.d -o CMakeFiles/cmTC_ede6b.dir/CheckSymbolExists.c.o -c /home/dante/Documentos/personal/Whisk3D/android/app/.cxx/Debug/6l6zoi28/armeabi-v7a/CMakeFiles/CMakeTmp/CheckSymbolExists.c
/home/dante/Documentos/personal/Whisk3D/android/app/.cxx/Debug/6l6zoi28/armeabi-v7a/CMakeFiles/CMakeTmp/CheckSymbolExists.c:14:19: error: use of undeclared identifier 'itoa'
   14 |   return ((int*)(&itoa))[argc];
      |                   ^
1 error generated.
ninja: build stopped: subcommand failed.


File /home/dante/Documentos/personal/Whisk3D/android/app/.cxx/Debug/6l6zoi28/armeabi-v7a/CMakeFiles/CMakeTmp/CheckSymbolExists.c:
/* */
#include <stddef.h>
#include <stdarg.h>
#include <stdlib.h>
#include <string.h>
#include <stdio.h>
#include <wchar.h>
#include <float.h>

int main(int argc, char** argv)
{
  (void)argv;
#ifndef itoa
  return ((int*)(&itoa))[argc];
#else
  (void)argc;
  return 0;
#endif
}
Determining if the _ltoa exist failed with the following output:
Change Dir: /home/dante/Documentos/personal/Whisk3D/android/app/.cxx/Debug/6l6zoi28/armeabi-v7a/CMakeFiles/CMakeTmp

Run Build Command(s):/usr/bin/ninja cmTC_fc321 && [1/2] Building C object CMakeFiles/cmTC_fc321.dir/CheckSymbolExists.c.o
FAILED: CMakeFiles/cmTC_fc321.dir/CheckSymbolExists.c.o 
/home/dante/Android/Sdk/ndk/27.0.12077973/toolchains/llvm/prebuilt/linux-x86_64/bin/clang --target=armv7-none-linux-androideabi21 --sysroot=/home/dante/Android/Sdk/ndk/27.0.12077973/toolchains/llvm/prebuilt/linux-x86_64/sysroot   -g -DANDROID -fdata-sections -ffunction-sections -funwind-tables -fstack-protector-strong -no-canonical-prefixes -D_FORTIFY_SOURCE=2 -march=armv7-a -mthumb -Wformat  -idirafter "/home/dante/Documentos/personal/Whisk3D/android/app/.cxx/Debug/6l6zoi28/armeabi-v7a/external/SDL2/src/video/khronos"  -D_GNU_SOURCE=1 -fPIE -MD -MT CMakeFiles/cmTC_fc321.dir/CheckSymbolExists.c.o -MF CMakeFiles/cmTC_fc321.dir/CheckSymbolExists.c.o.d -o CMakeFiles/cmTC_fc321.dir/CheckSymbolExists.c.o -c /home/dante/Documentos/personal/Whisk3D/android/app/.cxx/Debug/6l6zoi28/armeabi-v7a/CMakeFiles/CMakeTmp/CheckSymbolExists.c
/home/dante/Documentos/personal/Whisk3D/android/app/.cxx/Debug/6l6zoi28/armeabi-v7a/CMakeFiles/CMakeTmp/CheckSymbolExists.c:14:19: error: use of undeclared identifier '_ltoa'
   14 |   return ((int*)(&_ltoa))[argc];
      |                   ^
1 error generated.
ninja: build stopped: subcommand failed.


File /home/dante/Documentos/personal/Whisk3D/android/app/.cxx/Debug/6l6zoi28/armeabi-v7a/CMakeFiles/CMakeTmp/CheckSymbolExists.c:
/* */
#include <stddef.h>
#include <stdarg.h>
#include <stdlib.h>
#include <string.h>
#include <stdio.h>
#include <wchar.h>
#include <float.h>

int main(int argc, char** argv)
{
  (void)argv;
#ifndef _ltoa
  return ((int*)(&_ltoa))[argc];
#else
  (void)argc;
  return 0;
#endif
}
Determining if the _uitoa exist failed with the following output:
Change Dir: /home/dante/Documentos/personal/Whisk3D/android/app/.cxx/Debug/6l6zoi28/armeabi-v7a/CMakeFiles/CMakeTmp

Run Build Command(s):/usr/bin/ninja cmTC_ab49a && [1/2] Building C object CMakeFiles/cmTC_ab49a.dir/CheckSymbolExists.c.o
FAILED: CMakeFiles/cmTC_ab49a.dir/CheckSymbolExists.c.o 
/home/dante/Android/Sdk/ndk/27.0.12077973/toolchains/llvm/prebuilt/linux-x86_64/bin/clang --target=armv7-none-linux-androideabi21 --sysroot=/home/dante/Android/Sdk/ndk/27.0.12077973/toolchains/llvm/prebuilt/linux-x86_64/sysroot   -g -DANDROID -fdata-sections -ffunction-sections -funwind-tables -fstack-protector-strong -no-canonical-prefixes -D_FORTIFY_SOURCE=2 -march=armv7-a -mthumb -Wformat  -idirafter "/home/dante/Documentos/personal/Whisk3D/android/app/.cxx/Debug/6l6zoi28/armeabi-v7a/external/SDL2/src/video/khronos"  -D_GNU_SOURCE=1 -fPIE -MD -MT CMakeFiles/cmTC_ab49a.dir/CheckSymbolExists.c.o -MF CMakeFiles/cmTC_ab49a.dir/CheckSymbolExists.c.o.d -o CMakeFiles/cmTC_ab49a.dir/CheckSymbolExists.c.o -c /home/dante/Documentos/personal/Whisk3D/android/app/.cxx/Debug/6l6zoi28/armeabi-v7a/CMakeFiles/CMakeTmp/CheckSymbolExists.c
/home/dante/Documentos/personal/Whisk3D/android/app/.cxx/Debug/6l6zoi28/armeabi-v7a/CMakeFiles/CMakeTmp/CheckSymbolExists.c:14:19: error: use of undeclared identifier '_uitoa'
   14 |   return ((int*)(&_uitoa))[argc];
      |                   ^
1 error generated.
ninja: build stopped: subcommand failed.


File /home/dante/Documentos/personal/Whisk3D/android/app/.cxx/Debug/6l6zoi28/armeabi-v7a/CMakeFiles/CMakeTmp/CheckSymbolExists.c:
/* */
#include <stddef.h>
#include <stdarg.h>
#include <stdlib.h>
#include <string.h>
#include <stdio.h>
#include <wchar.h>
#include <float.h>

int main(int argc, char** argv)
{
  (void)argv;
#ifndef _uitoa
  return ((int*)(&_uitoa))[argc];
#else
  (void)argc;
  return 0;
#endif
}
Determining if the _ultoa exist failed with the following output:
Change Dir: /home/dante/Documentos/personal/Whisk3D/android/app/.cxx/Debug/6l6zoi28/armeabi-v7a/CMakeFiles/CMakeTmp

Run Build Command(s):/usr/bin/ninja cmTC_1bd8f && [1/2] Building C object CMakeFiles/cmTC_1bd8f.dir/CheckSymbolExists.c.o
FAILED: CMakeFiles/cmTC_1bd8f.dir/CheckSymbolExists.c.o 
/home/dante/Android/Sdk/ndk/27.0.12077973/toolchains/llvm/prebuilt/linux-x86_64/bin/clang --target=armv7-none-linux-androideabi21 --sysroot=/home/dante/Android/Sdk/ndk/27.0.12077973/toolchains/llvm/prebuilt/linux-x86_64/sysroot   -g -DANDROID -fdata-sections -ffunction-sections -funwind-tables -fstack-protector-strong -no-canonical-prefixes -D_FORTIFY_SOURCE=2 -march=armv7-a -mthumb -Wformat  -idirafter "/home/dante/Documentos/personal/Whisk3D/android/app/.cxx/Debug/6l6zoi28/armeabi-v7a/external/SDL2/src/video/khronos"  -D_GNU_SOURCE=1 -fPIE -MD -MT CMakeFiles/cmTC_1bd8f.dir/CheckSymbolExists.c.o -MF CMakeFiles/cmTC_1bd8f.dir/CheckSymbolExists.c.o.d -o CMakeFiles/cmTC_1bd8f.dir/CheckSymbolExists.c.o -c /home/dante/Documentos/personal/Whisk3D/android/app/.cxx/Debug/6l6zoi28/armeabi-v7a/CMakeFiles/CMakeTmp/CheckSymbolExists.c
/home/dante/Documentos/personal/Whisk3D/android/app/.cxx/Debug/6l6zoi28/armeabi-v7a/CMakeFiles/CMakeTmp/CheckSymbolExists.c:14:19: error: use of undeclared identifier '_ultoa'
   14 |   return ((int*)(&_ultoa))[argc];
      |                   ^
1 error generated.
ninja: build stopped: subcommand failed.


File /home/dante/Documentos/personal/Whisk3D/android/app/.cxx/Debug/6l6zoi28/armeabi-v7a/CMakeFiles/CMakeTmp/CheckSymbolExists.c:
/* */
#include <stddef.h>
#include <stdarg.h>
#include <stdlib.h>
#include <string.h>
#include <stdio.h>
#include <wchar.h>
#include <float.h>

int main(int argc, char** argv)
{
  (void)argv;
#ifndef _ultoa
  return ((int*)(&_ultoa))[argc];
#else
  (void)argc;
  return 0;
#endif
}
Determining if the _i64toa exist failed with the following output:
Change Dir: /home/dante/Documentos/personal/Whisk3D/android/app/.cxx/Debug/6l6zoi28/armeabi-v7a/CMakeFiles/CMakeTmp

Run Build Command(s):/usr/bin/ninja cmTC_da61c && [1/2] Building C object CMakeFiles/cmTC_da61c.dir/CheckSymbolExists.c.o
FAILED: CMakeFiles/cmTC_da61c.dir/CheckSymbolExists.c.o 
/home/dante/Android/Sdk/ndk/27.0.12077973/toolchains/llvm/prebuilt/linux-x86_64/bin/clang --target=armv7-none-linux-androideabi21 --sysroot=/home/dante/Android/Sdk/ndk/27.0.12077973/toolchains/llvm/prebuilt/linux-x86_64/sysroot   -g -DANDROID -fdata-sections -ffunction-sections -funwind-tables -fstack-protector-strong -no-canonical-prefixes -D_FORTIFY_SOURCE=2 -march=armv7-a -mthumb -Wformat  -idirafter "/home/dante/Documentos/personal/Whisk3D/android/app/.cxx/Debug/6l6zoi28/armeabi-v7a/external/SDL2/src/video/khronos"  -D_GNU_SOURCE=1 -fPIE -MD -MT CMakeFiles/cmTC_da61c.dir/CheckSymbolExists.c.o -MF CMakeFiles/cmTC_da61c.dir/CheckSymbolExists.c.o.d -o CMakeFiles/cmTC_da61c.dir/CheckSymbolExists.c.o -c /home/dante/Documentos/personal/Whisk3D/android/app/.cxx/Debug/6l6zoi28/armeabi-v7a/CMakeFiles/CMakeTmp/CheckSymbolExists.c
/home/dante/Documentos/personal/Whisk3D/android/app/.cxx/Debug/6l6zoi28/armeabi-v7a/CMakeFiles/CMakeTmp/CheckSymbolExists.c:14:19: error: use of undeclared identifier '_i64toa'
   14 |   return ((int*)(&_i64toa))[argc];
      |                   ^
1 error generated.
ninja: build stopped: subcommand failed.


File /home/dante/Documentos/personal/Whisk3D/android/app/.cxx/Debug/6l6zoi28/armeabi-v7a/CMakeFiles/CMakeTmp/CheckSymbolExists.c:
/* */
#include <stddef.h>
#include <stdarg.h>
#include <stdlib.h>
#include <string.h>
#include <stdio.h>
#include <wchar.h>
#include <float.h>

int main(int argc, char** argv)
{
  (void)argv;
#ifndef _i64toa
  return ((int*)(&_i64toa))[argc];
#else
  (void)argc;
  return 0;
#endif
}
Determining if the _ui64toa exist failed with the following output:
Change Dir: /home/dante/Documentos/personal/Whisk3D/android/app/.cxx/Debug/6l6zoi28/armeabi-v7a/CMakeFiles/CMakeTmp

Run Build Command(s):/usr/bin/ninja cmTC_5f50a && [1/2] Building C object CMakeFiles/cmTC_5f50a.dir/CheckSymbolExists.c.o
FAILED: CMakeFiles/cmTC_5f50a.dir/CheckSymbolExists.c.o 
/home/dante/Android/Sdk/ndk/27.0.12077973/toolchains/llvm/prebuilt/linux-x86_64/bin/clang --target=armv7-none-linux-androideabi21 --sysroot=/home/dante/Android/Sdk/ndk/27.0.12077973/toolchains/llvm/prebuilt/linux-x86_64/sysroot   -g -DANDROID -fdata-sections -ffunction-sections -funwind-tables -fstack-protector-strong -no-canonical-prefixes -D_FORTIFY_SOURCE=2 -march=armv7-a -mthumb -Wformat  -idirafter "/home/dante/Documentos/personal/Whisk3D/android/app/.cxx/Debug/6l6zoi28/armeabi-v7a/external/SDL2/src/video/khronos"  -D_GNU_SOURCE=1 -fPIE -MD -MT CMakeFiles/cmTC_5f50a.dir/CheckSymbolExists.c.o -MF CMakeFiles/cmTC_5f50a.dir/CheckSymbolExists.c.o.d -o CMakeFiles/cmTC_5f50a.dir/CheckSymbolExists.c.o -c /home/dante/Documentos/personal/Whisk3D/android/app/.cxx/Debug/6l6zoi28/armeabi-v7a/CMakeFiles/CMakeTmp/CheckSymbolExists.c
/home/dante/Documentos/personal/Whisk3D/android/app/.cxx/Debug/6l6zoi28/armeabi-v7a/CMakeFiles/CMakeTmp/CheckSymbolExists.c:14:19: error: use of undeclared identifier '_ui64toa'
   14 |   return ((int*)(&_ui64toa))[argc];
      |                   ^
1 error generated.
ninja: build stopped: subcommand failed.


File /home/dante/Documentos/personal/Whisk3D/android/app/.cxx/Debug/6l6zoi28/armeabi-v7a/CMakeFiles/CMakeTmp/CheckSymbolExists.c:
/* */
#include <stddef.h>
#include <stdarg.h>
#include <stdlib.h>
#include <string.h>
#include <stdio.h>
#include <wchar.h>
#include <float.h>

int main(int argc, char** argv)
{
  (void)argv;
#ifndef _ui64toa
  return ((int*)(&_ui64toa))[argc];
#else
  (void)argc;
  return 0;
#endif
}
Determining if the _stricmp exist failed with the following output:
Change Dir: /home/dante/Documentos/personal/Whisk3D/android/app/.cxx/Debug/6l6zoi28/armeabi-v7a/CMakeFiles/CMakeTmp

Run Build Command(s):/usr/bin/ninja cmTC_577ed && [1/2] Building C object CMakeFiles/cmTC_577ed.dir/CheckSymbolExists.c.o
FAILED: CMakeFiles/cmTC_577ed.dir/CheckSymbolExists.c.o 
/home/dante/Android/Sdk/ndk/27.0.12077973/toolchains/llvm/prebuilt/linux-x86_64/bin/clang --target=armv7-none-linux-androideabi21 --sysroot=/home/dante/Android/Sdk/ndk/27.0.12077973/toolchains/llvm/prebuilt/linux-x86_64/sysroot   -g -DANDROID -fdata-sections -ffunction-sections -funwind-tables -fstack-protector-strong -no-canonical-prefixes -D_FORTIFY_SOURCE=2 -march=armv7-a -mthumb -Wformat  -idirafter "/home/dante/Documentos/personal/Whisk3D/android/app/.cxx/Debug/6l6zoi28/armeabi-v7a/external/SDL2/src/video/khronos"  -D_GNU_SOURCE=1 -fPIE -MD -MT CMakeFiles/cmTC_577ed.dir/CheckSymbolExists.c.o -MF CMakeFiles/cmTC_577ed.dir/CheckSymbolExists.c.o.d -o CMakeFiles/cmTC_577ed.dir/CheckSymbolExists.c.o -c /home/dante/Documentos/personal/Whisk3D/android/app/.cxx/Debug/6l6zoi28/armeabi-v7a/CMakeFiles/CMakeTmp/CheckSymbolExists.c
/home/dante/Documentos/personal/Whisk3D/android/app/.cxx/Debug/6l6zoi28/armeabi-v7a/CMakeFiles/CMakeTmp/CheckSymbolExists.c:14:19: error: use of undeclared identifier '_stricmp'
   14 |   return ((int*)(&_stricmp))[argc];
      |                   ^
1 error generated.
ninja: build stopped: subcommand failed.


File /home/dante/Documentos/personal/Whisk3D/android/app/.cxx/Debug/6l6zoi28/armeabi-v7a/CMakeFiles/CMakeTmp/CheckSymbolExists.c:
/* */
#include <stddef.h>
#include <stdarg.h>
#include <stdlib.h>
#include <string.h>
#include <stdio.h>
#include <wchar.h>
#include <float.h>

int main(int argc, char** argv)
{
  (void)argv;
#ifndef _stricmp
  return ((int*)(&_stricmp))[argc];
#else
  (void)argc;
  return 0;
#endif
}
Determining if the _strnicmp exist failed with the following output:
Change Dir: /home/dante/Documentos/personal/Whisk3D/android/app/.cxx/Debug/6l6zoi28/armeabi-v7a/CMakeFiles/CMakeTmp

Run Build Command(s):/usr/bin/ninja cmTC_5bf9c && [1/2] Building C object CMakeFiles/cmTC_5bf9c.dir/CheckSymbolExists.c.o
FAILED: CMakeFiles/cmTC_5bf9c.dir/CheckSymbolExists.c.o 
/home/dante/Android/Sdk/ndk/27.0.12077973/toolchains/llvm/prebuilt/linux-x86_64/bin/clang --target=armv7-none-linux-androideabi21 --sysroot=/home/dante/Android/Sdk/ndk/27.0.12077973/toolchains/llvm/prebuilt/linux-x86_64/sysroot   -g -DANDROID -fdata-sections -ffunction-sections -funwind-tables -fstack-protector-strong -no-canonical-prefixes -D_FORTIFY_SOURCE=2 -march=armv7-a -mthumb -Wformat  -idirafter "/home/dante/Documentos/personal/Whisk3D/android/app/.cxx/Debug/6l6zoi28/armeabi-v7a/external/SDL2/src/video/khronos"  -D_GNU_SOURCE=1 -fPIE -MD -MT CMakeFiles/cmTC_5bf9c.dir/CheckSymbolExists.c.o -MF CMakeFiles/cmTC_5bf9c.dir/CheckSymbolExists.c.o.d -o CMakeFiles/cmTC_5bf9c.dir/CheckSymbolExists.c.o -c /home/dante/Documentos/personal/Whisk3D/android/app/.cxx/Debug/6l6zoi28/armeabi-v7a/CMakeFiles/CMakeTmp/CheckSymbolExists.c
/home/dante/Documentos/personal/Whisk3D/android/app/.cxx/Debug/6l6zoi28/armeabi-v7a/CMakeFiles/CMakeTmp/CheckSymbolExists.c:14:19: error: use of undeclared identifier '_strnicmp'; did you mean 'strncmp'?
   14 |   return ((int*)(&_strnicmp))[argc];
      |                   ^~~~~~~~~
      |                   strncmp
/home/dante/Android/Sdk/ndk/27.0.12077973/toolchains/llvm/prebuilt/linux-x86_64/sysroot/usr/include/string.h:173:5: note: 'strncmp' declared here
  173 | int strncmp(const char* _Nonnull __lhs, const char* _Nonnull __rhs, size_t __n) __attribute_pure__;
      |     ^
1 error generated.
ninja: build stopped: subcommand failed.


File /home/dante/Documentos/personal/Whisk3D/android/app/.cxx/Debug/6l6zoi28/armeabi-v7a/CMakeFiles/CMakeTmp/CheckSymbolExists.c:
/* */
#include <stddef.h>
#include <stdarg.h>
#include <stdlib.h>
#include <string.h>
#include <stdio.h>
#include <wchar.h>
#include <float.h>

int main(int argc, char** argv)
{
  (void)argv;
#ifndef _strnicmp
  return ((int*)(&_strnicmp))[argc];
#else
  (void)argc;
  return 0;
#endif
}
Determining if the _wcsdup exist failed with the following output:
Change Dir: /home/dante/Documentos/personal/Whisk3D/android/app/.cxx/Debug/6l6zoi28/armeabi-v7a/CMakeFiles/CMakeTmp

Run Build Command(s):/usr/bin/ninja cmTC_adf1d && [1/2] Building C object CMakeFiles/cmTC_adf1d.dir/CheckSymbolExists.c.o
FAILED: CMakeFiles/cmTC_adf1d.dir/CheckSymbolExists.c.o 
/home/dante/Android/Sdk/ndk/27.0.12077973/toolchains/llvm/prebuilt/linux-x86_64/bin/clang --target=armv7-none-linux-androideabi21 --sysroot=/home/dante/Android/Sdk/ndk/27.0.12077973/toolchains/llvm/prebuilt/linux-x86_64/sysroot   -g -DANDROID -fdata-sections -ffunction-sections -funwind-tables -fstack-protector-strong -no-canonical-prefixes -D_FORTIFY_SOURCE=2 -march=armv7-a -mthumb -Wformat  -idirafter "/home/dante/Documentos/personal/Whisk3D/android/app/.cxx/Debug/6l6zoi28/armeabi-v7a/external/SDL2/src/video/khronos"  -D_GNU_SOURCE=1 -fPIE -MD -MT CMakeFiles/cmTC_adf1d.dir/CheckSymbolExists.c.o -MF CMakeFiles/cmTC_adf1d.dir/CheckSymbolExists.c.o.d -o CMakeFiles/cmTC_adf1d.dir/CheckSymbolExists.c.o -c /home/dante/Documentos/personal/Whisk3D/android/app/.cxx/Debug/6l6zoi28/armeabi-v7a/CMakeFiles/CMakeTmp/CheckSymbolExists.c
/home/dante/Documentos/personal/Whisk3D/android/app/.cxx/Debug/6l6zoi28/armeabi-v7a/CMakeFiles/CMakeTmp/CheckSymbolExists.c:14:19: error: use of undeclared identifier '_wcsdup'; did you mean 'wcsdup'?
   14 |   return ((int*)(&_wcsdup))[argc];
      |                   ^~~~~~~
      |                   wcsdup
/home/dante/Android/Sdk/ndk/27.0.12077973/toolchains/llvm/prebuilt/linux-x86_64/sysroot/usr/include/wchar.h:181:20: note: 'wcsdup' declared here
  181 | wchar_t* _Nullable wcsdup(const wchar_t* _Nonnull __s);
      |                    ^
1 error generated.
ninja: build stopped: subcommand failed.


File /home/dante/Documentos/personal/Whisk3D/android/app/.cxx/Debug/6l6zoi28/armeabi-v7a/CMakeFiles/CMakeTmp/CheckSymbolExists.c:
/* */
#include <stddef.h>
#include <stdarg.h>
#include <stdlib.h>
#include <string.h>
#include <stdio.h>
#include <wchar.h>
#include <float.h>

int main(int argc, char** argv)
{
  (void)argv;
#ifndef _wcsdup
  return ((int*)(&_wcsdup))[argc];
#else
  (void)argc;
  return 0;
#endif
}
Determining if the _wcsicmp exist failed with the following output:
Change Dir: /home/dante/Documentos/personal/Whisk3D/android/app/.cxx/Debug/6l6zoi28/armeabi-v7a/CMakeFiles/CMakeTmp

Run Build Command(s):/usr/bin/ninja cmTC_9a224 && [1/2] Building C object CMakeFiles/cmTC_9a224.dir/CheckSymbolExists.c.o
FAILED: CMakeFiles/cmTC_9a224.dir/CheckSymbolExists.c.o 
/home/dante/Android/Sdk/ndk/27.0.12077973/toolchains/llvm/prebuilt/linux-x86_64/bin/clang --target=armv7-none-linux-androideabi21 --sysroot=/home/dante/Android/Sdk/ndk/27.0.12077973/toolchains/llvm/prebuilt/linux-x86_64/sysroot   -g -DANDROID -fdata-sections -ffunction-sections -funwind-tables -fstack-protector-strong -no-canonical-prefixes -D_FORTIFY_SOURCE=2 -march=armv7-a -mthumb -Wformat  -idirafter "/home/dante/Documentos/personal/Whisk3D/android/app/.cxx/Debug/6l6zoi28/armeabi-v7a/external/SDL2/src/video/khronos"  -D_GNU_SOURCE=1 -fPIE -MD -MT CMakeFiles/cmTC_9a224.dir/CheckSymbolExists.c.o -MF CMakeFiles/cmTC_9a224.dir/CheckSymbolExists.c.o.d -o CMakeFiles/cmTC_9a224.dir/CheckSymbolExists.c.o -c /home/dante/Documentos/personal/Whisk3D/android/app/.cxx/Debug/6l6zoi28/armeabi-v7a/CMakeFiles/CMakeTmp/CheckSymbolExists.c
/home/dante/Documentos/personal/Whisk3D/android/app/.cxx/Debug/6l6zoi28/armeabi-v7a/CMakeFiles/CMakeTmp/CheckSymbolExists.c:14:19: error: use of undeclared identifier '_wcsicmp'
   14 |   return ((int*)(&_wcsicmp))[argc];
      |                   ^
1 error generated.
ninja: build stopped: subcommand failed.


File /home/dante/Documentos/personal/Whisk3D/android/app/.cxx/Debug/6l6zoi28/armeabi-v7a/CMakeFiles/CMakeTmp/CheckSymbolExists.c:
/* */
#include <stddef.h>
#include <stdarg.h>
#include <stdlib.h>
#include <string.h>
#include <stdio.h>
#include <wchar.h>
#include <float.h>

int main(int argc, char** argv)
{
  (void)argv;
#ifndef _wcsicmp
  return ((int*)(&_wcsicmp))[argc];
#else
  (void)argc;
  return 0;
#endif
}
Determining if the _wcsnicmp exist failed with the following output:
Change Dir: /home/dante/Documentos/personal/Whisk3D/android/app/.cxx/Debug/6l6zoi28/armeabi-v7a/CMakeFiles/CMakeTmp

Run Build Command(s):/usr/bin/ninja cmTC_e5009 && [1/2] Building C object CMakeFiles/cmTC_e5009.dir/CheckSymbolExists.c.o
FAILED: CMakeFiles/cmTC_e5009.dir/CheckSymbolExists.c.o 
/home/dante/Android/Sdk/ndk/27.0.12077973/toolchains/llvm/prebuilt/linux-x86_64/bin/clang --target=armv7-none-linux-androideabi21 --sysroot=/home/dante/Android/Sdk/ndk/27.0.12077973/toolchains/llvm/prebuilt/linux-x86_64/sysroot   -g -DANDROID -fdata-sections -ffunction-sections -funwind-tables -fstack-protector-strong -no-canonical-prefixes -D_FORTIFY_SOURCE=2 -march=armv7-a -mthumb -Wformat  -idirafter "/home/dante/Documentos/personal/Whisk3D/android/app/.cxx/Debug/6l6zoi28/armeabi-v7a/external/SDL2/src/video/khronos"  -D_GNU_SOURCE=1 -fPIE -MD -MT CMakeFiles/cmTC_e5009.dir/CheckSymbolExists.c.o -MF CMakeFiles/cmTC_e5009.dir/CheckSymbolExists.c.o.d -o CMakeFiles/cmTC_e5009.dir/CheckSymbolExists.c.o -c /home/dante/Documentos/personal/Whisk3D/android/app/.cxx/Debug/6l6zoi28/armeabi-v7a/CMakeFiles/CMakeTmp/CheckSymbolExists.c
/home/dante/Documentos/personal/Whisk3D/android/app/.cxx/Debug/6l6zoi28/armeabi-v7a/CMakeFiles/CMakeTmp/CheckSymbolExists.c:14:19: error: use of undeclared identifier '_wcsnicmp'; did you mean 'wcsncmp'?
   14 |   return ((int*)(&_wcsnicmp))[argc];
      |                   ^~~~~~~~~
      |                   wcsncmp
/home/dante/Android/Sdk/ndk/27.0.12077973/toolchains/llvm/prebuilt/linux-x86_64/sysroot/usr/include/wchar.h:107:5: note: 'wcsncmp' declared here
  107 | int wcsncmp(const wchar_t* _Nonnull __lhs, const wchar_t* _Nonnull __rhs, size_t __n);
      |     ^
1 error generated.
ninja: build stopped: subcommand failed.


File /home/dante/Documentos/personal/Whisk3D/android/app/.cxx/Debug/6l6zoi28/armeabi-v7a/CMakeFiles/CMakeTmp/CheckSymbolExists.c:
/* */
#include <stddef.h>
#include <stdarg.h>
#include <stdlib.h>
#include <string.h>
#include <stdio.h>
#include <wchar.h>
#include <float.h>

int main(int argc, char** argv)
{
  (void)argv;
#ifndef _wcsnicmp
  return ((int*)(&_wcsnicmp))[argc];
#else
  (void)argc;
  return 0;
#endif
}
Determining if the fopen64 exist failed with the following output:
Change Dir: /home/dante/Documentos/personal/Whisk3D/android/app/.cxx/Debug/6l6zoi28/armeabi-v7a/CMakeFiles/CMakeTmp

Run Build Command(s):/usr/bin/ninja cmTC_481d4 && [1/2] Building C object CMakeFiles/cmTC_481d4.dir/CheckSymbolExists.c.o
FAILED: CMakeFiles/cmTC_481d4.dir/CheckSymbolExists.c.o 
/home/dante/Android/Sdk/ndk/27.0.12077973/toolchains/llvm/prebuilt/linux-x86_64/bin/clang --target=armv7-none-linux-androideabi21 --sysroot=/home/dante/Android/Sdk/ndk/27.0.12077973/toolchains/llvm/prebuilt/linux-x86_64/sysroot   -g -DANDROID -fdata-sections -ffunction-sections -funwind-tables -fstack-protector-strong -no-canonical-prefixes -D_FORTIFY_SOURCE=2 -march=armv7-a -mthumb -Wformat  -idirafter "/home/dante/Documentos/personal/Whisk3D/android/app/.cxx/Debug/6l6zoi28/armeabi-v7a/external/SDL2/src/video/khronos"  -D_GNU_SOURCE=1 -fPIE -MD -MT CMakeFiles/cmTC_481d4.dir/CheckSymbolExists.c.o -MF CMakeFiles/cmTC_481d4.dir/CheckSymbolExists.c.o.d -o CMakeFiles/cmTC_481d4.dir/CheckSymbolExists.c.o -c /home/dante/Documentos/personal/Whisk3D/android/app/.cxx/Debug/6l6zoi28/armeabi-v7a/CMakeFiles/CMakeTmp/CheckSymbolExists.c
/home/dante/Documentos/personal/Whisk3D/android/app/.cxx/Debug/6l6zoi28/armeabi-v7a/CMakeFiles/CMakeTmp/CheckSymbolExists.c:14:19: error: use of undeclared identifier 'fopen64'; did you mean 'fopen'?
   14 |   return ((int*)(&fopen64))[argc];
      |                   ^~~~~~~
      |                   fopen
/home/dante/Android/Sdk/ndk/27.0.12077973/toolchains/llvm/prebuilt/linux-x86_64/sysroot/usr/include/stdio.h:267:17: note: 'fopen' declared here
  267 | FILE* _Nullable fopen(const char* _Nonnull __path, const char* _Nonnull __mode);
      |                 ^
1 error generated.
ninja: build stopped: subcommand failed.


File /home/dante/Documentos/personal/Whisk3D/android/app/.cxx/Debug/6l6zoi28/armeabi-v7a/CMakeFiles/CMakeTmp/CheckSymbolExists.c:
/* */
#include <stddef.h>
#include <stdarg.h>
#include <stdlib.h>
#include <string.h>
#include <stdio.h>
#include <wchar.h>
#include <float.h>

int main(int argc, char** argv)
{
  (void)argv;
#ifndef fopen64
  return ((int*)(&fopen64))[argc];
#else
  (void)argc;
  return 0;
#endif
}
Determining if the fseeko64 exist failed with the following output:
Change Dir: /home/dante/Documentos/personal/Whisk3D/android/app/.cxx/Debug/6l6zoi28/armeabi-v7a/CMakeFiles/CMakeTmp

Run Build Command(s):/usr/bin/ninja cmTC_566c2 && [1/2] Building C object CMakeFiles/cmTC_566c2.dir/CheckSymbolExists.c.o
FAILED: CMakeFiles/cmTC_566c2.dir/CheckSymbolExists.c.o 
/home/dante/Android/Sdk/ndk/27.0.12077973/toolchains/llvm/prebuilt/linux-x86_64/bin/clang --target=armv7-none-linux-androideabi21 --sysroot=/home/dante/Android/Sdk/ndk/27.0.12077973/toolchains/llvm/prebuilt/linux-x86_64/sysroot   -g -DANDROID -fdata-sections -ffunction-sections -funwind-tables -fstack-protector-strong -no-canonical-prefixes -D_FORTIFY_SOURCE=2 -march=armv7-a -mthumb -Wformat  -idirafter "/home/dante/Documentos/personal/Whisk3D/android/app/.cxx/Debug/6l6zoi28/armeabi-v7a/external/SDL2/src/video/khronos"  -D_GNU_SOURCE=1 -fPIE -MD -MT CMakeFiles/cmTC_566c2.dir/CheckSymbolExists.c.o -MF CMakeFiles/cmTC_566c2.dir/CheckSymbolExists.c.o.d -o CMakeFiles/cmTC_566c2.dir/CheckSymbolExists.c.o -c /home/dante/Documentos/personal/Whisk3D/android/app/.cxx/Debug/6l6zoi28/armeabi-v7a/CMakeFiles/CMakeTmp/CheckSymbolExists.c
/home/dante/Documentos/personal/Whisk3D/android/app/.cxx/Debug/6l6zoi28/armeabi-v7a/CMakeFiles/CMakeTmp/CheckSymbolExists.c:14:19: error: use of undeclared identifier 'fseeko64'; did you mean 'fseeko'?
   14 |   return ((int*)(&fseeko64))[argc];
      |                   ^~~~~~~~
      |                   fseeko
/home/dante/Android/Sdk/ndk/27.0.12077973/toolchains/llvm/prebuilt/linux-x86_64/sysroot/usr/include/stdio.h:235:5: note: 'fseeko' declared here
  235 | int fseeko(FILE* _Nonnull __fp, off_t __offset, int __whence);
      |     ^
1 error generated.
ninja: build stopped: subcommand failed.


File /home/dante/Documentos/personal/Whisk3D/android/app/.cxx/Debug/6l6zoi28/armeabi-v7a/CMakeFiles/CMakeTmp/CheckSymbolExists.c:
/* */
#include <stddef.h>
#include <stdarg.h>
#include <stdlib.h>
#include <string.h>
#include <stdio.h>
#include <wchar.h>
#include <float.h>

int main(int argc, char** argv)
{
  (void)argv;
#ifndef fseeko64
  return ((int*)(&fseeko64))[argc];
#else
  (void)argc;
  return 0;
#endif
}
Determining if the sysctlbyname exist failed with the following output:
Change Dir: /home/dante/Documentos/personal/Whisk3D/android/app/.cxx/Debug/6l6zoi28/armeabi-v7a/CMakeFiles/CMakeTmp

Run Build Command(s):/usr/bin/ninja cmTC_c1b03 && [1/2] Building C object CMakeFiles/cmTC_c1b03.dir/CheckSymbolExists.c.o
FAILED: CMakeFiles/cmTC_c1b03.dir/CheckSymbolExists.c.o 
/home/dante/Android/Sdk/ndk/27.0.12077973/toolchains/llvm/prebuilt/linux-x86_64/bin/clang --target=armv7-none-linux-androideabi21 --sysroot=/home/dante/Android/Sdk/ndk/27.0.12077973/toolchains/llvm/prebuilt/linux-x86_64/sysroot   -g -DANDROID -fdata-sections -ffunction-sections -funwind-tables -fstack-protector-strong -no-canonical-prefixes -D_FORTIFY_SOURCE=2 -march=armv7-a -mthumb -Wformat  -idirafter "/home/dante/Documentos/personal/Whisk3D/android/app/.cxx/Debug/6l6zoi28/armeabi-v7a/external/SDL2/src/video/khronos"  -D_GNU_SOURCE=1 -fPIE -MD -MT CMakeFiles/cmTC_c1b03.dir/CheckSymbolExists.c.o -MF CMakeFiles/cmTC_c1b03.dir/CheckSymbolExists.c.o.d -o CMakeFiles/cmTC_c1b03.dir/CheckSymbolExists.c.o -c /home/dante/Documentos/personal/Whisk3D/android/app/.cxx/Debug/6l6zoi28/armeabi-v7a/CMakeFiles/CMakeTmp/CheckSymbolExists.c
/home/dante/Documentos/personal/Whisk3D/android/app/.cxx/Debug/6l6zoi28/armeabi-v7a/CMakeFiles/CMakeTmp/CheckSymbolExists.c:3:10: fatal error: 'sys/sysctl.h' file not found
    3 | #include <sys/sysctl.h>
      |          ^~~~~~~~~~~~~~
1 error generated.
ninja: build stopped: subcommand failed.


File /home/dante/Documentos/personal/Whisk3D/android/app/.cxx/Debug/6l6zoi28/armeabi-v7a/CMakeFiles/CMakeTmp/CheckSymbolExists.c:
/* */
#include <sys/types.h>
#include <sys/sysctl.h>

int main(int argc, char** argv)
{
  (void)argv;
#ifndef sysctlbyname
  return ((int*)(&sysctlbyname))[argc];
#else
  (void)argc;
  return 0;
#endif
}
Determining if the elf_aux_info exist failed with the following output:
Change Dir: /home/dante/Documentos/personal/Whisk3D/android/app/.cxx/Debug/6l6zoi28/armeabi-v7a/CMakeFiles/CMakeTmp

Run Build Command(s):/usr/bin/ninja cmTC_29b01 && [1/2] Building C object CMakeFiles/cmTC_29b01.dir/CheckSymbolExists.c.o
FAILED: CMakeFiles/cmTC_29b01.dir/CheckSymbolExists.c.o 
/home/dante/Android/Sdk/ndk/27.0.12077973/toolchains/llvm/prebuilt/linux-x86_64/bin/clang --target=armv7-none-linux-androideabi21 --sysroot=/home/dante/Android/Sdk/ndk/27.0.12077973/toolchains/llvm/prebuilt/linux-x86_64/sysroot   -g -DANDROID -fdata-sections -ffunction-sections -funwind-tables -fstack-protector-strong -no-canonical-prefixes -D_FORTIFY_SOURCE=2 -march=armv7-a -mthumb -Wformat  -idirafter "/home/dante/Documentos/personal/Whisk3D/android/app/.cxx/Debug/6l6zoi28/armeabi-v7a/external/SDL2/src/video/khronos"  -D_GNU_SOURCE=1 -fPIE -MD -MT CMakeFiles/cmTC_29b01.dir/CheckSymbolExists.c.o -MF CMakeFiles/cmTC_29b01.dir/CheckSymbolExists.c.o.d -o CMakeFiles/cmTC_29b01.dir/CheckSymbolExists.c.o -c /home/dante/Documentos/personal/Whisk3D/android/app/.cxx/Debug/6l6zoi28/armeabi-v7a/CMakeFiles/CMakeTmp/CheckSymbolExists.c
/home/dante/Documentos/personal/Whisk3D/android/app/.cxx/Debug/6l6zoi28/armeabi-v7a/CMakeFiles/CMakeTmp/CheckSymbolExists.c:8:19: error: use of undeclared identifier 'elf_aux_info'
    8 |   return ((int*)(&elf_aux_info))[argc];
      |                   ^
1 error generated.
ninja: build stopped: subcommand failed.


File /home/dante/Documentos/personal/Whisk3D/android/app/.cxx/Debug/6l6zoi28/armeabi-v7a/CMakeFiles/CMakeTmp/CheckSymbolExists.c:
/* */
#include <sys/auxv.h>

int main(int argc, char** argv)
{
  (void)argv;
#ifndef elf_aux_info
  return ((int*)(&elf_aux_info))[argc];
#else
  (void)argc;
  return 0;
#endif
}
Determining if the memfd_create exist failed with the following output:
Change Dir: /home/dante/Documentos/personal/Whisk3D/android/app/.cxx/Debug/6l6zoi28/armeabi-v7a/CMakeFiles/CMakeTmp

Run Build Command(s):/usr/bin/ninja cmTC_fc92d && [1/2] Building C object CMakeFiles/cmTC_fc92d.dir/CheckSymbolExists.c.o
FAILED: CMakeFiles/cmTC_fc92d.dir/CheckSymbolExists.c.o 
/home/dante/Android/Sdk/ndk/27.0.12077973/toolchains/llvm/prebuilt/linux-x86_64/bin/clang --target=armv7-none-linux-androideabi21 --sysroot=/home/dante/Android/Sdk/ndk/27.0.12077973/toolchains/llvm/prebuilt/linux-x86_64/sysroot   -g -DANDROID -fdata-sections -ffunction-sections -funwind-tables -fstack-protector-strong -no-canonical-prefixes -D_FORTIFY_SOURCE=2 -march=armv7-a -mthumb -Wformat  -idirafter "/home/dante/Documentos/personal/Whisk3D/android/app/.cxx/Debug/6l6zoi28/armeabi-v7a/external/SDL2/src/video/khronos"  -D_GNU_SOURCE=1 -fPIE -MD -MT CMakeFiles/cmTC_fc92d.dir/CheckSymbolExists.c.o -MF CMakeFiles/cmTC_fc92d.dir/CheckSymbolExists.c.o.d -o CMakeFiles/cmTC_fc92d.dir/CheckSymbolExists.c.o -c /home/dante/Documentos/personal/Whisk3D/android/app/.cxx/Debug/6l6zoi28/armeabi-v7a/CMakeFiles/CMakeTmp/CheckSymbolExists.c
/home/dante/Documentos/personal/Whisk3D/android/app/.cxx/Debug/6l6zoi28/armeabi-v7a/CMakeFiles/CMakeTmp/CheckSymbolExists.c:8:19: error: use of undeclared identifier 'memfd_create'
    8 |   return ((int*)(&memfd_create))[argc];
      |                   ^
1 error generated.
ninja: build stopped: subcommand failed.


File /home/dante/Documentos/personal/Whisk3D/android/app/.cxx/Debug/6l6zoi28/armeabi-v7a/CMakeFiles/CMakeTmp/CheckSymbolExists.c:
/* */
#include <sys/mman.h>

int main(int argc, char** argv)
{
  (void)argv;
#ifndef memfd_create
  return ((int*)(&memfd_create))[argc];
#else
  (void)argc;
  return 0;
#endif
}
Performing C SOURCE FILE Test ICONV_IN_LIBC failed with the following output:
Change Dir: /home/dante/Documentos/personal/Whisk3D/android/app/.cxx/Debug/6l6zoi28/armeabi-v7a/CMakeFiles/CMakeTmp

Run Build Command(s):/usr/bin/ninja cmTC_b4673 && [1/2] Building C object CMakeFiles/cmTC_b4673.dir/src.c.o
FAILED: CMakeFiles/cmTC_b4673.dir/src.c.o 
/home/dante/Android/Sdk/ndk/27.0.12077973/toolchains/llvm/prebuilt/linux-x86_64/bin/clang --target=armv7-none-linux-androideabi21 --sysroot=/home/dante/Android/Sdk/ndk/27.0.12077973/toolchains/llvm/prebuilt/linux-x86_64/sysroot -DICONV_IN_LIBC  -g -DANDROID -fdata-sections -ffunction-sections -funwind-tables -fstack-protector-strong -no-canonical-prefixes -D_FORTIFY_SOURCE=2 -march=armv7-a -mthumb -Wformat -Werror=format-security  -idirafter "/home/dante/Documentos/personal/Whisk3D/android/app/.cxx/Debug/6l6zoi28/armeabi-v7a/external/SDL2/src/video/khronos"  -D_GNU_SOURCE=1 -fPIE -MD -MT CMakeFiles/cmTC_b4673.dir/src.c.o -MF CMakeFiles/cmTC_b4673.dir/src.c.o.d -o CMakeFiles/cmTC_b4673.dir/src.c.o -c /home/dante/Documentos/personal/Whisk3D/android/app/.cxx/Debug/6l6zoi28/armeabi-v7a/CMakeFiles/CMakeTmp/src.c
/home/dante/Documentos/personal/Whisk3D/android/app/.cxx/Debug/6l6zoi28/armeabi-v7a/CMakeFiles/CMakeTmp/src.c:6:21: error: call to undeclared function 'iconv_open'; ISO C99 and later do not support implicit function declarations [-Wimplicit-function-declaration]
    6 |             return !iconv_open(NULL,NULL);
      |                     ^
1 error generated.
ninja: build stopped: subcommand failed.


Source file was:

        #define LIBICONV_PLUG 1 /* in case libiconv header is in include path */
        #include <stddef.h>
        #include <iconv.h>
        int main(int argc, char **argv) {
            return !iconv_open(NULL,NULL);
        }
Performing C SOURCE FILE Test ICONV_IN_LIBICONV failed with the following output:
Change Dir: /home/dante/Documentos/personal/Whisk3D/android/app/.cxx/Debug/6l6zoi28/armeabi-v7a/CMakeFiles/CMakeTmp

Run Build Command(s):/usr/bin/ninja cmTC_19a72 && [1/2] Building C object CMakeFiles/cmTC_19a72.dir/src.c.o
FAILED: CMakeFiles/cmTC_19a72.dir/src.c.o 
/home/dante/Android/Sdk/ndk/27.0.12077973/toolchains/llvm/prebuilt/linux-x86_64/bin/clang --target=armv7-none-linux-androideabi21 --sysroot=/home/dante/Android/Sdk/ndk/27.0.12077973/toolchains/llvm/prebuilt/linux-x86_64/sysroot -DICONV_IN_LIBICONV  -g -DANDROID -fdata-sections -ffunction-sections -funwind-tables -fstack-protector-strong -no-canonical-prefixes -D_FORTIFY_SOURCE=2 -march=armv7-a -mthumb -Wformat -Werror=format-security  -idirafter "/home/dante/Documentos/personal/Whisk3D/android/app/.cxx/Debug/6l6zoi28/armeabi-v7a/external/SDL2/src/video/khronos"  -D_GNU_SOURCE=1 -fPIE -MD -MT CMakeFiles/cmTC_19a72.dir/src.c.o -MF CMakeFiles/cmTC_19a72.dir/src.c.o.d -o CMakeFiles/cmTC_19a72.dir/src.c.o -c /home/dante/Documentos/personal/Whisk3D/android/app/.cxx/Debug/6l6zoi28/armeabi-v7a/CMakeFiles/CMakeTmp/src.c
/home/dante/Documentos/personal/Whisk3D/android/app/.cxx/Debug/6l6zoi28/armeabi-v7a/CMakeFiles/CMakeTmp/src.c:5:21: error: call to undeclared function 'iconv_open'; ISO C99 and later do not support implicit function declarations [-Wimplicit-function-declaration]
    5 |             return !iconv_open(NULL,NULL);
      |                     ^
1 error generated.
ninja: build stopped: subcommand failed.


Source file was:

        #include <stddef.h>
        #include <iconv.h>
        int main(int argc, char **argv) {
            return !iconv_open(NULL,NULL);
        }
Determining if the alloca exist failed with the following output:
Change Dir: /home/dante/Documentos/personal/Whisk3D/android/app/.cxx/Debug/6l6zoi28/armeabi-v7a/CMakeFiles/CMakeTmp

Run Build Command(s):/usr/bin/ninja cmTC_daee8 && [1/2] Building C object CMakeFiles/cmTC_daee8.dir/CheckSymbolExists.c.o
FAILED: CMakeFiles/cmTC_daee8.dir/CheckSymbolExists.c.o 
/home/dante/Android/Sdk/ndk/27.0.12077973/toolchains/llvm/prebuilt/linux-x86_64/bin/clang --target=armv7-none-linux-androideabi21 --sysroot=/home/dante/Android/Sdk/ndk/27.0.12077973/toolchains/llvm/prebuilt/linux-x86_64/sysroot   -g -DANDROID -fdata-sections -ffunction-sections -funwind-tables -fstack-protector-strong -no-canonical-prefixes -D_FORTIFY_SOURCE=2 -march=armv7-a -mthumb -Wformat  -idirafter "/home/dante/Documentos/personal/Whisk3D/android/app/.cxx/Debug/6l6zoi28/armeabi-v7a/external/SDL2/src/video/khronos"  -D_GNU_SOURCE=1 -fPIE -MD -MT CMakeFiles/cmTC_daee8.dir/CheckSymbolExists.c.o -MF CMakeFiles/cmTC_daee8.dir/CheckSymbolExists.c.o.d -o CMakeFiles/cmTC_daee8.dir/CheckSymbolExists.c.o -c /home/dante/Documentos/personal/Whisk3D/android/app/.cxx/Debug/6l6zoi28/armeabi-v7a/CMakeFiles/CMakeTmp/CheckSymbolExists.c
/home/dante/Documentos/personal/Whisk3D/android/app/.cxx/Debug/6l6zoi28/armeabi-v7a/CMakeFiles/CMakeTmp/CheckSymbolExists.c:8:19: error: call to undeclared library function 'alloca' with type 'void *(unsigned int)'; ISO C99 and later do not support implicit function declarations [-Wimplicit-function-declaration]
    8 |   return ((int*)(&alloca))[argc];
      |                   ^
/home/dante/Documentos/personal/Whisk3D/android/app/.cxx/Debug/6l6zoi28/armeabi-v7a/CMakeFiles/CMakeTmp/CheckSymbolExists.c:8:19: note: include the header <stdlib.h> or explicitly provide a declaration for 'alloca'
1 error generated.
ninja: build stopped: subcommand failed.


File /home/dante/Documentos/personal/Whisk3D/android/app/.cxx/Debug/6l6zoi28/armeabi-v7a/CMakeFiles/CMakeTmp/CheckSymbolExists.c:
/* */
#include <malloc.h>

int main(int argc, char** argv)
{
  (void)argv;
#ifndef alloca
  return ((int*)(&alloca))[argc];
#else
  (void)argc;
  return 0;
#endif
}
Determining if files pthread_np.h exist failed with the following output:
Change Dir: /home/dante/Documentos/personal/Whisk3D/android/app/.cxx/Debug/6l6zoi28/armeabi-v7a/CMakeFiles/CMakeTmp

Run Build Command(s):/usr/bin/ninja cmTC_c9c84 && [1/2] Building C object CMakeFiles/cmTC_c9c84.dir/HAVE_PTHREAD_NP_H.c.o
FAILED: CMakeFiles/cmTC_c9c84.dir/HAVE_PTHREAD_NP_H.c.o 
/home/dante/Android/Sdk/ndk/27.0.12077973/toolchains/llvm/prebuilt/linux-x86_64/bin/clang --target=armv7-none-linux-androideabi21 --sysroot=/home/dante/Android/Sdk/ndk/27.0.12077973/toolchains/llvm/prebuilt/linux-x86_64/sysroot   -g -DANDROID -fdata-sections -ffunction-sections -funwind-tables -fstack-protector-strong -no-canonical-prefixes -D_FORTIFY_SOURCE=2 -march=armv7-a -mthumb -Wformat -Werror=format-security  -idirafter "/home/dante/Documentos/personal/Whisk3D/android/app/.cxx/Debug/6l6zoi28/armeabi-v7a/external/SDL2/src/video/khronos"  -D_GNU_SOURCE=1 -fPIE -MD -MT CMakeFiles/cmTC_c9c84.dir/HAVE_PTHREAD_NP_H.c.o -MF CMakeFiles/cmTC_c9c84.dir/HAVE_PTHREAD_NP_H.c.o.d -o CMakeFiles/cmTC_c9c84.dir/HAVE_PTHREAD_NP_H.c.o -c /home/dante/Documentos/personal/Whisk3D/android/app/.cxx/Debug/6l6zoi28/armeabi-v7a/CMakeFiles/CheckIncludeFiles/HAVE_PTHREAD_NP_H.c
/home/dante/Documentos/personal/Whisk3D/android/app/.cxx/Debug/6l6zoi28/armeabi-v7a/CMakeFiles/CheckIncludeFiles/HAVE_PTHREAD_NP_H.c:2:10: fatal error: 'pthread_np.h' file not found
    2 | #include <pthread_np.h>
      |          ^~~~~~~~~~~~~~
1 error generated.
ninja: build stopped: subcommand failed.


Source:
/* */
#include <pthread_np.h>


int main(void){return 0;}

